WARNING: You are using tensorboardX instead sis you have a too old pytorch version.
script_name: procontext.py  config_name: cmc3.yaml
New configuration is shown below.
MODEL configuration: {'PRETRAIN_FILE': 'mae_pretrain_vit_base.pth', 'EXTRA_MERGER': False, 'RETURN_INTER': False, 'RETURN_STAGES': [2, 5, 8, 11], 'BACKBONE': {'TYPE': 'vit_base_patch16_224_cmc', 'STRIDE': 16, 'MID_PE': False, 'SEP_SEG': False, 'CAT_MODE': 'direct', 'MERGE_LAYER': 0, 'ADD_CLS_TOKEN': False, 'CLS_TOKEN_USE_MODE': 'ignore', 'CE_LOC': [3, 6, 9], 'CE_KEEP_RATIO': [0.7, 0.7, 0.7], 'CE_TEMPLATE_RANGE': 'CTR_POINT', 'CMC_LOC': [3, 7, 11]}, 'HEAD': {'TYPE': 'CENTER', 'NUM_CHANNELS': 256}, 'NUM_OBJECT_QUERIES': 1}


TRAIN configuration: {'LR': 0.0004, 'WEIGHT_DECAY': 0.0001, 'EPOCH': 170, 'LR_DROP_EPOCH': 80, 'BATCH_SIZE': 32, 'NUM_WORKER': 16, 'OPTIMIZER': 'ADAMW', 'BACKBONE_MULTIPLIER': 0.1, 'GIOU_WEIGHT': 2.0, 'L1_WEIGHT': 5.0, 'FREEZE_LAYERS': [0], 'PRINT_INTERVAL': 50, 'VAL_EPOCH_INTERVAL': 1, 'GRAD_CLIP_NORM': 0.1, 'AMP': False, 'FINETUNE': True, 'HAS_INFRARED': True, 'CE_START_EPOCH': 20, 'CE_WARM_EPOCH': 50, 'DROP_PATH_RATE': 0.1, 'SCHEDULER': {'TYPE': 'step', 'DECAY_RATE': 0.1}}


DATA configuration: {'SAMPLER_MODE': 'causal', 'MEAN': [0.485, 0.456, 0.406], 'STD': [0.229, 0.224, 0.225], 'MAX_SAMPLE_INTERVAL': 200, 'TRAIN': {'DATASETS_NAME': ['GOT10K_train_full'], 'DATASETS_RATIO': [1], 'SAMPLE_PER_EPOCH': 60000}, 'VAL': {'DATASETS_NAME': ['GOT10K_official_val'], 'DATASETS_RATIO': [1], 'SAMPLE_PER_EPOCH': 10000}, 'SEARCH': {'SIZE': 256, 'FACTOR': 5.0, 'CENTER_JITTER': 4.5, 'SCALE_JITTER': 0.5, 'NUMBER': 1}, 'TEMPLATE': {'NUMBER': 1, 'SIZE': 128, 'FACTOR': [2.0, 3.0], 'CENTER_JITTER': 0, 'SCALE_JITTER': 0}}


TEST configuration: {'TEMPLATE_FACTOR': [2.0, 3.0], 'TEMPLATE_SIZE': 128, 'SEARCH_FACTOR': 5.0, 'SEARCH_SIZE': 256, 'EPOCH': 160, 'USE_VISDOM': 1, 'SAVE_ALL_BOXES': 0, 'USE_CMC': True}


sampler_mode causal
Length of sequence_list: 2
self.sequence_list: ['plane1', 'plane2']
Sequence IDs: [0, 1]
Length of sequence_list: 2
self.sequence_list: ['plane1', 'plane2']
Sequence IDs: [0, 1]
Load pretrained model from: /home/helm/tracker/ProContEXT-main/lib/models/procontext/../../../pretrained_networks/mae_pretrain_vit_base.pth
Fine-tuning. Learnable parameters are shown below.
backbone.blocks.3.norm1.weight
backbone.blocks.3.norm1.bias
backbone.blocks.3.attn.qkv.weight
backbone.blocks.3.attn.qkv.bias
backbone.blocks.3.attn.proj.weight
backbone.blocks.3.attn.proj.bias
backbone.blocks.3.norm2.weight
backbone.blocks.3.norm2.bias
backbone.blocks.3.mlp.fc1.weight
backbone.blocks.3.mlp.fc1.bias
backbone.blocks.3.mlp.fc2.weight
backbone.blocks.3.mlp.fc2.bias
backbone.blocks.4.query_proj.weight
backbone.blocks.4.query_proj.bias
backbone.blocks.4.key_value_proj.weight
backbone.blocks.4.key_value_proj.bias
backbone.blocks.4.cmc_attn.in_proj_weight
backbone.blocks.4.cmc_attn.in_proj_bias
backbone.blocks.4.cmc_attn.out_proj.weight
backbone.blocks.4.cmc_attn.out_proj.bias
backbone.blocks.4.feed_forward.0.weight
backbone.blocks.4.feed_forward.0.bias
backbone.blocks.4.feed_forward.2.weight
backbone.blocks.4.feed_forward.2.bias
backbone.blocks.4.norm.weight
backbone.blocks.4.norm.bias
backbone.blocks.7.norm1.weight
backbone.blocks.7.norm1.bias
backbone.blocks.7.attn.qkv.weight
backbone.blocks.7.attn.qkv.bias
backbone.blocks.7.attn.proj.weight
backbone.blocks.7.attn.proj.bias
backbone.blocks.7.norm2.weight
backbone.blocks.7.norm2.bias
backbone.blocks.7.mlp.fc1.weight
backbone.blocks.7.mlp.fc1.bias
backbone.blocks.7.mlp.fc2.weight
backbone.blocks.7.mlp.fc2.bias
backbone.blocks.8.query_proj.weight
backbone.blocks.8.query_proj.bias
backbone.blocks.8.key_value_proj.weight
backbone.blocks.8.key_value_proj.bias
backbone.blocks.8.cmc_attn.in_proj_weight
backbone.blocks.8.cmc_attn.in_proj_bias
backbone.blocks.8.cmc_attn.out_proj.weight
backbone.blocks.8.cmc_attn.out_proj.bias
backbone.blocks.8.feed_forward.0.weight
backbone.blocks.8.feed_forward.0.bias
backbone.blocks.8.feed_forward.2.weight
backbone.blocks.8.feed_forward.2.bias
backbone.blocks.8.norm.weight
backbone.blocks.8.norm.bias
backbone.blocks.11.norm1.weight
backbone.blocks.11.norm1.bias
backbone.blocks.11.attn.qkv.weight
backbone.blocks.11.attn.qkv.bias
backbone.blocks.11.attn.proj.weight
backbone.blocks.11.attn.proj.bias
backbone.blocks.11.norm2.weight
backbone.blocks.11.norm2.bias
backbone.blocks.11.mlp.fc1.weight
backbone.blocks.11.mlp.fc1.bias
backbone.blocks.11.mlp.fc2.weight
backbone.blocks.11.mlp.fc2.bias
backbone.blocks.12.query_proj.weight
backbone.blocks.12.query_proj.bias
backbone.blocks.12.key_value_proj.weight
backbone.blocks.12.key_value_proj.bias
backbone.blocks.12.cmc_attn.in_proj_weight
backbone.blocks.12.cmc_attn.in_proj_bias
backbone.blocks.12.cmc_attn.out_proj.weight
backbone.blocks.12.cmc_attn.out_proj.bias
backbone.blocks.12.feed_forward.0.weight
backbone.blocks.12.feed_forward.0.bias
backbone.blocks.12.feed_forward.2.weight
backbone.blocks.12.feed_forward.2.bias
backbone.blocks.12.norm.weight
backbone.blocks.12.norm.bias
backbone.cross_modal_block.query_proj.weight
backbone.cross_modal_block.query_proj.bias
backbone.cross_modal_block.key_value_proj.weight
backbone.cross_modal_block.key_value_proj.bias
backbone.cross_modal_block.cmc_attn.in_proj_weight
backbone.cross_modal_block.cmc_attn.in_proj_bias
backbone.cross_modal_block.cmc_attn.out_proj.weight
backbone.cross_modal_block.cmc_attn.out_proj.bias
backbone.cross_modal_block.feed_forward.0.weight
backbone.cross_modal_block.feed_forward.0.bias
backbone.cross_modal_block.feed_forward.2.weight
backbone.cross_modal_block.feed_forward.2.bias
backbone.cross_modal_block.norm.weight
backbone.cross_modal_block.norm.bias
checkpoints will be saved to /home/helm/tracker/ProContEXT-main/output/checkpoints
[train: 161, 50 / 1875] FPS: 52.8 (47.1), DataTime: 0.460 (0.063), ForwardTime: 0.083, TotalTime: 0.606, Loss/total: 0.32198, Loss/giou: 0.08306, Loss/l1: 0.00448, Loss/location: 0.13344, IoU: 0.91
[train: 161, 100 / 1875] FPS: 61.6 (214.4), DataTime: 0.376 (0.065), ForwardTime: 0.078, TotalTime: 0.519, Loss/total: 0.34007, Loss/giou: 0.08459, Loss/l1: 0.00472, Loss/location: 0.14732, IoU: 0.91
[train: 161, 150 / 1875] FPS: 65.2 (218.2), DataTime: 0.349 (0.065), ForwardTime: 0.077, TotalTime: 0.491, Loss/total: 0.33448, Loss/giou: 0.08292, Loss/l1: 0.00455, Loss/location: 0.14590, IoU: 0.91
[train: 161, 200 / 1875] FPS: 67.1 (218.5), DataTime: 0.337 (0.065), ForwardTime: 0.075, TotalTime: 0.477, Loss/total: 0.33374, Loss/giou: 0.08311, Loss/l1: 0.00451, Loss/location: 0.14499, IoU: 0.91
[train: 161, 250 / 1875] FPS: 68.6 (218.4), DataTime: 0.328 (0.064), ForwardTime: 0.075, TotalTime: 0.467, Loss/total: 0.33398, Loss/giou: 0.08322, Loss/l1: 0.00449, Loss/location: 0.14507, IoU: 0.91
[train: 161, 300 / 1875] FPS: 69.6 (219.7), DataTime: 0.322 (0.064), ForwardTime: 0.074, TotalTime: 0.460, Loss/total: 0.33358, Loss/giou: 0.08293, Loss/l1: 0.00451, Loss/location: 0.14516, IoU: 0.91
[train: 161, 350 / 1875] FPS: 70.3 (199.0), DataTime: 0.318 (0.064), ForwardTime: 0.074, TotalTime: 0.455, Loss/total: 0.33458, Loss/giou: 0.08299, Loss/l1: 0.00449, Loss/location: 0.14612, IoU: 0.91
[train: 161, 400 / 1875] FPS: 70.9 (220.0), DataTime: 0.314 (0.063), ForwardTime: 0.073, TotalTime: 0.451, Loss/total: 0.33576, Loss/giou: 0.08320, Loss/l1: 0.00450, Loss/location: 0.14685, IoU: 0.91
[train: 161, 450 / 1875] FPS: 70.0 (224.8), DataTime: 0.321 (0.063), ForwardTime: 0.073, TotalTime: 0.457, Loss/total: 0.33614, Loss/giou: 0.08343, Loss/l1: 0.00450, Loss/location: 0.14676, IoU: 0.91
[train: 161, 500 / 1875] FPS: 70.3 (216.8), DataTime: 0.320 (0.062), ForwardTime: 0.073, TotalTime: 0.455, Loss/total: 0.33709, Loss/giou: 0.08348, Loss/l1: 0.00449, Loss/location: 0.14765, IoU: 0.91
[train: 161, 550 / 1875] FPS: 70.7 (56.8), DataTime: 0.318 (0.062), ForwardTime: 0.073, TotalTime: 0.452, Loss/total: 0.33761, Loss/giou: 0.08346, Loss/l1: 0.00449, Loss/location: 0.14827, IoU: 0.91
[train: 161, 600 / 1875] FPS: 71.1 (218.0), DataTime: 0.316 (0.062), ForwardTime: 0.073, TotalTime: 0.450, Loss/total: 0.33736, Loss/giou: 0.08364, Loss/l1: 0.00448, Loss/location: 0.14769, IoU: 0.91
[train: 161, 650 / 1875] FPS: 71.3 (217.5), DataTime: 0.315 (0.061), ForwardTime: 0.072, TotalTime: 0.449, Loss/total: 0.33672, Loss/giou: 0.08359, Loss/l1: 0.00447, Loss/location: 0.14718, IoU: 0.91
[train: 161, 700 / 1875] FPS: 71.6 (219.4), DataTime: 0.314 (0.061), ForwardTime: 0.072, TotalTime: 0.447, Loss/total: 0.33644, Loss/giou: 0.08350, Loss/l1: 0.00448, Loss/location: 0.14705, IoU: 0.91
[train: 161, 750 / 1875] FPS: 71.7 (36.0), DataTime: 0.314 (0.060), ForwardTime: 0.072, TotalTime: 0.447, Loss/total: 0.33606, Loss/giou: 0.08328, Loss/l1: 0.00446, Loss/location: 0.14719, IoU: 0.91
[train: 161, 800 / 1875] FPS: 71.9 (61.6), DataTime: 0.314 (0.059), ForwardTime: 0.072, TotalTime: 0.445, Loss/total: 0.33668, Loss/giou: 0.08325, Loss/l1: 0.00446, Loss/location: 0.14788, IoU: 0.91
[train: 161, 850 / 1875] FPS: 71.5 (40.2), DataTime: 0.317 (0.058), ForwardTime: 0.072, TotalTime: 0.447, Loss/total: 0.33594, Loss/giou: 0.08311, Loss/l1: 0.00445, Loss/location: 0.14747, IoU: 0.91
[train: 161, 900 / 1875] FPS: 71.6 (219.0), DataTime: 0.317 (0.058), ForwardTime: 0.072, TotalTime: 0.447, Loss/total: 0.33551, Loss/giou: 0.08308, Loss/l1: 0.00444, Loss/location: 0.14712, IoU: 0.91
[train: 161, 950 / 1875] FPS: 71.7 (48.5), DataTime: 0.316 (0.058), ForwardTime: 0.072, TotalTime: 0.446, Loss/total: 0.33474, Loss/giou: 0.08289, Loss/l1: 0.00443, Loss/location: 0.14680, IoU: 0.91
[train: 161, 1000 / 1875] FPS: 71.9 (217.4), DataTime: 0.316 (0.057), ForwardTime: 0.072, TotalTime: 0.445, Loss/total: 0.33405, Loss/giou: 0.08280, Loss/l1: 0.00442, Loss/location: 0.14632, IoU: 0.91
[train: 161, 1050 / 1875] FPS: 72.0 (219.1), DataTime: 0.316 (0.057), ForwardTime: 0.072, TotalTime: 0.444, Loss/total: 0.33437, Loss/giou: 0.08279, Loss/l1: 0.00442, Loss/location: 0.14668, IoU: 0.91
[train: 161, 1100 / 1875] FPS: 72.2 (219.8), DataTime: 0.315 (0.056), ForwardTime: 0.072, TotalTime: 0.443, Loss/total: 0.33451, Loss/giou: 0.08286, Loss/l1: 0.00444, Loss/location: 0.14660, IoU: 0.91
[train: 161, 1150 / 1875] FPS: 72.1 (219.6), DataTime: 0.316 (0.056), ForwardTime: 0.072, TotalTime: 0.444, Loss/total: 0.33437, Loss/giou: 0.08281, Loss/l1: 0.00444, Loss/location: 0.14654, IoU: 0.91
[train: 161, 1200 / 1875] FPS: 72.1 (58.5), DataTime: 0.316 (0.056), ForwardTime: 0.072, TotalTime: 0.444, Loss/total: 0.33411, Loss/giou: 0.08284, Loss/l1: 0.00444, Loss/location: 0.14622, IoU: 0.91
[train: 161, 1250 / 1875] FPS: 72.1 (26.8), DataTime: 0.316 (0.056), ForwardTime: 0.072, TotalTime: 0.444, Loss/total: 0.33494, Loss/giou: 0.08292, Loss/l1: 0.00445, Loss/location: 0.14683, IoU: 0.91
[train: 161, 1300 / 1875] FPS: 72.1 (219.0), DataTime: 0.316 (0.055), ForwardTime: 0.072, TotalTime: 0.444, Loss/total: 0.33528, Loss/giou: 0.08291, Loss/l1: 0.00445, Loss/location: 0.14720, IoU: 0.91
[train: 161, 1350 / 1875] FPS: 72.2 (219.4), DataTime: 0.316 (0.055), ForwardTime: 0.072, TotalTime: 0.443, Loss/total: 0.33524, Loss/giou: 0.08291, Loss/l1: 0.00445, Loss/location: 0.14717, IoU: 0.91
[train: 161, 1400 / 1875] FPS: 72.3 (218.6), DataTime: 0.315 (0.056), ForwardTime: 0.072, TotalTime: 0.443, Loss/total: 0.33476, Loss/giou: 0.08289, Loss/l1: 0.00445, Loss/location: 0.14675, IoU: 0.91
[train: 161, 1450 / 1875] FPS: 72.3 (221.2), DataTime: 0.315 (0.056), ForwardTime: 0.072, TotalTime: 0.442, Loss/total: 0.33586, Loss/giou: 0.08302, Loss/l1: 0.00445, Loss/location: 0.14757, IoU: 0.91
[train: 161, 1500 / 1875] FPS: 72.4 (219.7), DataTime: 0.314 (0.056), ForwardTime: 0.072, TotalTime: 0.442, Loss/total: 0.33650, Loss/giou: 0.08311, Loss/l1: 0.00446, Loss/location: 0.14796, IoU: 0.91
[train: 161, 1550 / 1875] FPS: 72.3 (225.3), DataTime: 0.315 (0.056), ForwardTime: 0.072, TotalTime: 0.442, Loss/total: 0.33627, Loss/giou: 0.08309, Loss/l1: 0.00446, Loss/location: 0.14778, IoU: 0.91
[train: 161, 1600 / 1875] FPS: 72.4 (55.3), DataTime: 0.315 (0.056), ForwardTime: 0.072, TotalTime: 0.442, Loss/total: 0.33592, Loss/giou: 0.08307, Loss/l1: 0.00446, Loss/location: 0.14747, IoU: 0.91
[train: 161, 1650 / 1875] FPS: 72.3 (23.8), DataTime: 0.315 (0.056), ForwardTime: 0.072, TotalTime: 0.443, Loss/total: 0.33615, Loss/giou: 0.08304, Loss/l1: 0.00446, Loss/location: 0.14778, IoU: 0.91
[train: 161, 1700 / 1875] FPS: 72.3 (220.9), DataTime: 0.315 (0.056), ForwardTime: 0.072, TotalTime: 0.442, Loss/total: 0.33628, Loss/giou: 0.08300, Loss/l1: 0.00446, Loss/location: 0.14801, IoU: 0.91
[train: 161, 1750 / 1875] FPS: 72.4 (219.6), DataTime: 0.314 (0.056), ForwardTime: 0.072, TotalTime: 0.442, Loss/total: 0.33673, Loss/giou: 0.08303, Loss/l1: 0.00446, Loss/location: 0.14837, IoU: 0.91
[train: 161, 1800 / 1875] FPS: 72.5 (219.6), DataTime: 0.314 (0.056), ForwardTime: 0.072, TotalTime: 0.441, Loss/total: 0.33655, Loss/giou: 0.08301, Loss/l1: 0.00445, Loss/location: 0.14827, IoU: 0.91
[train: 161, 1850 / 1875] FPS: 72.6 (218.9), DataTime: 0.313 (0.056), ForwardTime: 0.072, TotalTime: 0.441, Loss/total: 0.33667, Loss/giou: 0.08306, Loss/l1: 0.00445, Loss/location: 0.14829, IoU: 0.91
[train: 161, 1875 / 1875] FPS: 72.9 (216.4), DataTime: 0.311 (0.056), ForwardTime: 0.072, TotalTime: 0.439, Loss/total: 0.33697, Loss/giou: 0.08310, Loss/l1: 0.00446, Loss/location: 0.14849, IoU: 0.91
Epoch Time: 0:13:43.147377
Avg Data Time: 0.31117
Avg GPU Trans Time: 0.05615
Avg Forward Time: 0.07169
[val: 161, 50 / 312] FPS: 70.7 (499.2), DataTime: 0.386 (0.007), ForwardTime: 0.059, TotalTime: 0.453, Loss/total: 0.47004, Loss/giou: 0.12505, Loss/l1: 0.00647, Loss/location: 0.18761, IoU: 0.87
[val: 161, 100 / 312] FPS: 83.3 (347.9), DataTime: 0.318 (0.007), ForwardTime: 0.059, TotalTime: 0.384, Loss/total: 0.47651, Loss/giou: 0.12552, Loss/l1: 0.00649, Loss/location: 0.19301, IoU: 0.87
[val: 161, 150 / 312] FPS: 88.4 (473.3), DataTime: 0.295 (0.007), ForwardTime: 0.059, TotalTime: 0.362, Loss/total: 0.48478, Loss/giou: 0.12646, Loss/l1: 0.00662, Loss/location: 0.19877, IoU: 0.87
[val: 161, 200 / 312] FPS: 91.2 (481.3), DataTime: 0.285 (0.007), ForwardTime: 0.059, TotalTime: 0.351, Loss/total: 0.48395, Loss/giou: 0.12655, Loss/l1: 0.00659, Loss/location: 0.19792, IoU: 0.87
[val: 161, 250 / 312] FPS: 92.8 (484.9), DataTime: 0.278 (0.007), ForwardTime: 0.059, TotalTime: 0.345, Loss/total: 0.48152, Loss/giou: 0.12676, Loss/l1: 0.00658, Loss/location: 0.19512, IoU: 0.87
[val: 161, 300 / 312] FPS: 94.7 (473.9), DataTime: 0.271 (0.007), ForwardTime: 0.059, TotalTime: 0.338, Loss/total: 0.47830, Loss/giou: 0.12612, Loss/l1: 0.00658, Loss/location: 0.19315, IoU: 0.87
[val: 161, 312 / 312] FPS: 96.5 (486.6), DataTime: 0.265 (0.007), ForwardTime: 0.059, TotalTime: 0.332, Loss/total: 0.47883, Loss/giou: 0.12614, Loss/l1: 0.00659, Loss/location: 0.19360, IoU: 0.87
Epoch Time: 0:01:43.429549
Avg Data Time: 0.26516
Avg GPU Trans Time: 0.00725
Avg Forward Time: 0.05910
/home/helm/tracker/ProContEXT-main/output/checkpoints/train/procontext/cmc3
[train: 162, 50 / 1875] FPS: 53.7 (62.3), DataTime: 0.463 (0.061), ForwardTime: 0.071, TotalTime: 0.596, Loss/total: 0.32892, Loss/giou: 0.08155, Loss/l1: 0.00423, Loss/location: 0.14465, IoU: 0.91
[train: 162, 100 / 1875] FPS: 62.3 (218.4), DataTime: 0.380 (0.062), ForwardTime: 0.071, TotalTime: 0.513, Loss/total: 0.33474, Loss/giou: 0.08197, Loss/l1: 0.00432, Loss/location: 0.14919, IoU: 0.91
[train: 162, 150 / 1875] FPS: 65.8 (216.9), DataTime: 0.353 (0.063), ForwardTime: 0.071, TotalTime: 0.487, Loss/total: 0.33074, Loss/giou: 0.08234, Loss/l1: 0.00435, Loss/location: 0.14433, IoU: 0.91
[train: 162, 200 / 1875] FPS: 67.7 (220.2), DataTime: 0.339 (0.062), ForwardTime: 0.071, TotalTime: 0.473, Loss/total: 0.33103, Loss/giou: 0.08239, Loss/l1: 0.00434, Loss/location: 0.14457, IoU: 0.91
[train: 162, 250 / 1875] FPS: 69.0 (221.8), DataTime: 0.330 (0.062), ForwardTime: 0.071, TotalTime: 0.464, Loss/total: 0.33133, Loss/giou: 0.08215, Loss/l1: 0.00432, Loss/location: 0.14544, IoU: 0.91
[train: 162, 300 / 1875] FPS: 69.8 (219.3), DataTime: 0.325 (0.062), ForwardTime: 0.071, TotalTime: 0.458, Loss/total: 0.33148, Loss/giou: 0.08204, Loss/l1: 0.00432, Loss/location: 0.14582, IoU: 0.91
[train: 162, 350 / 1875] FPS: 70.5 (219.5), DataTime: 0.320 (0.063), ForwardTime: 0.071, TotalTime: 0.454, Loss/total: 0.33312, Loss/giou: 0.08262, Loss/l1: 0.00437, Loss/location: 0.14600, IoU: 0.91
[train: 162, 400 / 1875] FPS: 71.1 (221.0), DataTime: 0.316 (0.063), ForwardTime: 0.071, TotalTime: 0.450, Loss/total: 0.33392, Loss/giou: 0.08258, Loss/l1: 0.00438, Loss/location: 0.14688, IoU: 0.91
[train: 162, 450 / 1875] FPS: 69.9 (16.7), DataTime: 0.324 (0.063), ForwardTime: 0.071, TotalTime: 0.458, Loss/total: 0.33524, Loss/giou: 0.08277, Loss/l1: 0.00439, Loss/location: 0.14773, IoU: 0.91
[train: 162, 500 / 1875] FPS: 70.4 (218.2), DataTime: 0.320 (0.063), ForwardTime: 0.071, TotalTime: 0.454, Loss/total: 0.33555, Loss/giou: 0.08272, Loss/l1: 0.00440, Loss/location: 0.14812, IoU: 0.91
[train: 162, 550 / 1875] FPS: 71.0 (219.8), DataTime: 0.317 (0.063), ForwardTime: 0.071, TotalTime: 0.451, Loss/total: 0.33450, Loss/giou: 0.08262, Loss/l1: 0.00439, Loss/location: 0.14733, IoU: 0.91
[train: 162, 600 / 1875] FPS: 71.3 (217.4), DataTime: 0.314 (0.063), ForwardTime: 0.071, TotalTime: 0.449, Loss/total: 0.33306, Loss/giou: 0.08260, Loss/l1: 0.00437, Loss/location: 0.14600, IoU: 0.91
[train: 162, 650 / 1875] FPS: 71.6 (220.2), DataTime: 0.312 (0.064), ForwardTime: 0.071, TotalTime: 0.447, Loss/total: 0.33183, Loss/giou: 0.08246, Loss/l1: 0.00437, Loss/location: 0.14508, IoU: 0.91
[train: 162, 700 / 1875] FPS: 71.9 (220.0), DataTime: 0.311 (0.064), ForwardTime: 0.071, TotalTime: 0.445, Loss/total: 0.33243, Loss/giou: 0.08237, Loss/l1: 0.00437, Loss/location: 0.14584, IoU: 0.91
[train: 162, 750 / 1875] FPS: 72.1 (219.0), DataTime: 0.309 (0.063), ForwardTime: 0.071, TotalTime: 0.444, Loss/total: 0.33250, Loss/giou: 0.08245, Loss/l1: 0.00438, Loss/location: 0.14569, IoU: 0.91
[train: 162, 800 / 1875] FPS: 72.4 (218.3), DataTime: 0.308 (0.063), ForwardTime: 0.071, TotalTime: 0.442, Loss/total: 0.33186, Loss/giou: 0.08227, Loss/l1: 0.00438, Loss/location: 0.14544, IoU: 0.91
[train: 162, 850 / 1875] FPS: 71.7 (42.2), DataTime: 0.313 (0.062), ForwardTime: 0.071, TotalTime: 0.446, Loss/total: 0.33163, Loss/giou: 0.08219, Loss/l1: 0.00438, Loss/location: 0.14535, IoU: 0.91
[train: 162, 900 / 1875] FPS: 71.9 (219.2), DataTime: 0.312 (0.062), ForwardTime: 0.071, TotalTime: 0.445, Loss/total: 0.33222, Loss/giou: 0.08219, Loss/l1: 0.00438, Loss/location: 0.14595, IoU: 0.91
[train: 162, 950 / 1875] FPS: 72.1 (219.9), DataTime: 0.311 (0.062), ForwardTime: 0.071, TotalTime: 0.444, Loss/total: 0.33196, Loss/giou: 0.08217, Loss/l1: 0.00438, Loss/location: 0.14569, IoU: 0.91
[train: 162, 1000 / 1875] FPS: 72.1 (221.2), DataTime: 0.311 (0.062), ForwardTime: 0.071, TotalTime: 0.444, Loss/total: 0.33215, Loss/giou: 0.08220, Loss/l1: 0.00439, Loss/location: 0.14579, IoU: 0.91
[train: 162, 1050 / 1875] FPS: 72.3 (220.5), DataTime: 0.310 (0.062), ForwardTime: 0.071, TotalTime: 0.443, Loss/total: 0.33220, Loss/giou: 0.08215, Loss/l1: 0.00439, Loss/location: 0.14596, IoU: 0.91
[train: 162, 1100 / 1875] FPS: 72.4 (218.5), DataTime: 0.309 (0.062), ForwardTime: 0.071, TotalTime: 0.442, Loss/total: 0.33197, Loss/giou: 0.08215, Loss/l1: 0.00438, Loss/location: 0.14577, IoU: 0.91
[train: 162, 1150 / 1875] FPS: 72.5 (220.6), DataTime: 0.309 (0.062), ForwardTime: 0.071, TotalTime: 0.442, Loss/total: 0.33145, Loss/giou: 0.08212, Loss/l1: 0.00438, Loss/location: 0.14533, IoU: 0.91
[train: 162, 1200 / 1875] FPS: 72.6 (218.6), DataTime: 0.308 (0.062), ForwardTime: 0.071, TotalTime: 0.441, Loss/total: 0.33083, Loss/giou: 0.08200, Loss/l1: 0.00437, Loss/location: 0.14499, IoU: 0.91
[train: 162, 1250 / 1875] FPS: 72.3 (77.0), DataTime: 0.310 (0.061), ForwardTime: 0.071, TotalTime: 0.443, Loss/total: 0.33087, Loss/giou: 0.08191, Loss/l1: 0.00436, Loss/location: 0.14523, IoU: 0.91
[train: 162, 1300 / 1875] FPS: 72.3 (50.5), DataTime: 0.310 (0.061), ForwardTime: 0.071, TotalTime: 0.443, Loss/total: 0.33119, Loss/giou: 0.08194, Loss/l1: 0.00436, Loss/location: 0.14551, IoU: 0.91
[train: 162, 1350 / 1875] FPS: 72.4 (218.8), DataTime: 0.310 (0.061), ForwardTime: 0.071, TotalTime: 0.442, Loss/total: 0.33136, Loss/giou: 0.08195, Loss/l1: 0.00436, Loss/location: 0.14564, IoU: 0.91
[train: 162, 1400 / 1875] FPS: 72.4 (218.6), DataTime: 0.310 (0.061), ForwardTime: 0.071, TotalTime: 0.442, Loss/total: 0.33082, Loss/giou: 0.08182, Loss/l1: 0.00435, Loss/location: 0.14542, IoU: 0.91
[train: 162, 1450 / 1875] FPS: 72.5 (218.8), DataTime: 0.309 (0.061), ForwardTime: 0.071, TotalTime: 0.441, Loss/total: 0.33089, Loss/giou: 0.08188, Loss/l1: 0.00436, Loss/location: 0.14535, IoU: 0.91
[train: 162, 1500 / 1875] FPS: 72.6 (216.0), DataTime: 0.308 (0.061), ForwardTime: 0.071, TotalTime: 0.441, Loss/total: 0.33071, Loss/giou: 0.08187, Loss/l1: 0.00436, Loss/location: 0.14516, IoU: 0.91
[train: 162, 1550 / 1875] FPS: 72.7 (217.7), DataTime: 0.307 (0.061), ForwardTime: 0.071, TotalTime: 0.440, Loss/total: 0.33083, Loss/giou: 0.08197, Loss/l1: 0.00436, Loss/location: 0.14506, IoU: 0.91
[train: 162, 1600 / 1875] FPS: 72.8 (218.2), DataTime: 0.307 (0.061), ForwardTime: 0.071, TotalTime: 0.440, Loss/total: 0.33083, Loss/giou: 0.08199, Loss/l1: 0.00436, Loss/location: 0.14504, IoU: 0.91
[train: 162, 1650 / 1875] FPS: 72.5 (223.0), DataTime: 0.309 (0.061), ForwardTime: 0.071, TotalTime: 0.442, Loss/total: 0.33058, Loss/giou: 0.08199, Loss/l1: 0.00436, Loss/location: 0.14480, IoU: 0.91
[train: 162, 1700 / 1875] FPS: 72.5 (217.6), DataTime: 0.309 (0.062), ForwardTime: 0.071, TotalTime: 0.441, Loss/total: 0.33073, Loss/giou: 0.08194, Loss/l1: 0.00436, Loss/location: 0.14505, IoU: 0.91
[train: 162, 1750 / 1875] FPS: 72.6 (216.7), DataTime: 0.308 (0.062), ForwardTime: 0.071, TotalTime: 0.441, Loss/total: 0.33056, Loss/giou: 0.08195, Loss/l1: 0.00436, Loss/location: 0.14488, IoU: 0.91
[train: 162, 1800 / 1875] FPS: 72.6 (221.0), DataTime: 0.308 (0.062), ForwardTime: 0.071, TotalTime: 0.441, Loss/total: 0.33022, Loss/giou: 0.08191, Loss/l1: 0.00436, Loss/location: 0.14462, IoU: 0.91
[train: 162, 1850 / 1875] FPS: 72.7 (220.0), DataTime: 0.307 (0.062), ForwardTime: 0.071, TotalTime: 0.440, Loss/total: 0.33014, Loss/giou: 0.08191, Loss/l1: 0.00435, Loss/location: 0.14455, IoU: 0.91
[train: 162, 1875 / 1875] FPS: 73.1 (222.2), DataTime: 0.304 (0.062), ForwardTime: 0.071, TotalTime: 0.438, Loss/total: 0.33025, Loss/giou: 0.08190, Loss/l1: 0.00435, Loss/location: 0.14468, IoU: 0.91
Epoch Time: 0:13:40.562167
Avg Data Time: 0.30434
Avg GPU Trans Time: 0.06214
Avg Forward Time: 0.07115
[val: 162, 50 / 312] FPS: 70.7 (496.6), DataTime: 0.387 (0.007), ForwardTime: 0.059, TotalTime: 0.453, Loss/total: 0.48207, Loss/giou: 0.12531, Loss/l1: 0.00647, Loss/location: 0.19912, IoU: 0.87
[val: 162, 100 / 312] FPS: 83.7 (271.8), DataTime: 0.316 (0.007), ForwardTime: 0.059, TotalTime: 0.382, Loss/total: 0.47770, Loss/giou: 0.12425, Loss/l1: 0.00646, Loss/location: 0.19690, IoU: 0.87
[val: 162, 150 / 312] FPS: 88.9 (480.1), DataTime: 0.294 (0.007), ForwardTime: 0.059, TotalTime: 0.360, Loss/total: 0.47590, Loss/giou: 0.12578, Loss/l1: 0.00652, Loss/location: 0.19173, IoU: 0.87
[val: 162, 200 / 312] FPS: 91.5 (488.5), DataTime: 0.283 (0.007), ForwardTime: 0.059, TotalTime: 0.350, Loss/total: 0.47299, Loss/giou: 0.12497, Loss/l1: 0.00649, Loss/location: 0.19061, IoU: 0.87
[val: 162, 250 / 312] FPS: 93.4 (476.9), DataTime: 0.276 (0.007), ForwardTime: 0.059, TotalTime: 0.343, Loss/total: 0.47581, Loss/giou: 0.12452, Loss/l1: 0.00647, Loss/location: 0.19443, IoU: 0.87
[val: 162, 300 / 312] FPS: 94.7 (484.2), DataTime: 0.271 (0.007), ForwardTime: 0.059, TotalTime: 0.338, Loss/total: 0.47413, Loss/giou: 0.12432, Loss/l1: 0.00643, Loss/location: 0.19334, IoU: 0.87
[val: 162, 312 / 312] FPS: 96.5 (475.9), DataTime: 0.265 (0.007), ForwardTime: 0.059, TotalTime: 0.331, Loss/total: 0.47397, Loss/giou: 0.12392, Loss/l1: 0.00642, Loss/location: 0.19405, IoU: 0.87
Epoch Time: 0:01:43.416873
Avg Data Time: 0.26513
Avg GPU Trans Time: 0.00720
Avg Forward Time: 0.05914
/home/helm/tracker/ProContEXT-main/output/checkpoints/train/procontext/cmc3
[train: 163, 50 / 1875] FPS: 53.9 (90.4), DataTime: 0.459 (0.063), ForwardTime: 0.071, TotalTime: 0.594, Loss/total: 0.31639, Loss/giou: 0.08050, Loss/l1: 0.00419, Loss/location: 0.13443, IoU: 0.92
[train: 163, 100 / 1875] FPS: 62.0 (217.7), DataTime: 0.380 (0.066), ForwardTime: 0.071, TotalTime: 0.516, Loss/total: 0.32501, Loss/giou: 0.08088, Loss/l1: 0.00433, Loss/location: 0.14158, IoU: 0.92
[train: 163, 150 / 1875] FPS: 65.0 (219.2), DataTime: 0.354 (0.067), ForwardTime: 0.071, TotalTime: 0.492, Loss/total: 0.32244, Loss/giou: 0.08068, Loss/l1: 0.00426, Loss/location: 0.13977, IoU: 0.92
[train: 163, 200 / 1875] FPS: 67.7 (220.0), DataTime: 0.334 (0.068), ForwardTime: 0.071, TotalTime: 0.472, Loss/total: 0.32908, Loss/giou: 0.08162, Loss/l1: 0.00440, Loss/location: 0.14385, IoU: 0.91
[train: 163, 250 / 1875] FPS: 68.9 (219.3), DataTime: 0.325 (0.068), ForwardTime: 0.071, TotalTime: 0.464, Loss/total: 0.32658, Loss/giou: 0.08124, Loss/l1: 0.00436, Loss/location: 0.14231, IoU: 0.91
[train: 163, 300 / 1875] FPS: 69.7 (219.1), DataTime: 0.319 (0.069), ForwardTime: 0.071, TotalTime: 0.459, Loss/total: 0.32659, Loss/giou: 0.08102, Loss/l1: 0.00437, Loss/location: 0.14268, IoU: 0.91
[train: 163, 350 / 1875] FPS: 70.6 (219.2), DataTime: 0.314 (0.069), ForwardTime: 0.071, TotalTime: 0.454, Loss/total: 0.32718, Loss/giou: 0.08113, Loss/l1: 0.00434, Loss/location: 0.14321, IoU: 0.91
[train: 163, 400 / 1875] FPS: 71.1 (219.7), DataTime: 0.310 (0.069), ForwardTime: 0.071, TotalTime: 0.450, Loss/total: 0.32782, Loss/giou: 0.08158, Loss/l1: 0.00435, Loss/location: 0.14290, IoU: 0.91
[train: 163, 450 / 1875] FPS: 69.9 (226.2), DataTime: 0.318 (0.069), ForwardTime: 0.071, TotalTime: 0.458, Loss/total: 0.32722, Loss/giou: 0.08134, Loss/l1: 0.00434, Loss/location: 0.14284, IoU: 0.91
[train: 163, 500 / 1875] FPS: 70.3 (220.6), DataTime: 0.315 (0.069), ForwardTime: 0.071, TotalTime: 0.455, Loss/total: 0.32653, Loss/giou: 0.08113, Loss/l1: 0.00432, Loss/location: 0.14269, IoU: 0.91
[train: 163, 550 / 1875] FPS: 70.6 (220.3), DataTime: 0.313 (0.069), ForwardTime: 0.071, TotalTime: 0.453, Loss/total: 0.32642, Loss/giou: 0.08102, Loss/l1: 0.00431, Loss/location: 0.14282, IoU: 0.91
[train: 163, 600 / 1875] FPS: 71.0 (219.6), DataTime: 0.310 (0.069), ForwardTime: 0.071, TotalTime: 0.451, Loss/total: 0.32689, Loss/giou: 0.08106, Loss/l1: 0.00433, Loss/location: 0.14314, IoU: 0.91
[train: 163, 650 / 1875] FPS: 71.3 (219.3), DataTime: 0.309 (0.069), ForwardTime: 0.071, TotalTime: 0.449, Loss/total: 0.32664, Loss/giou: 0.08116, Loss/l1: 0.00434, Loss/location: 0.14261, IoU: 0.91
[train: 163, 700 / 1875] FPS: 71.5 (218.4), DataTime: 0.307 (0.069), ForwardTime: 0.071, TotalTime: 0.447, Loss/total: 0.32693, Loss/giou: 0.08127, Loss/l1: 0.00435, Loss/location: 0.14265, IoU: 0.91
[train: 163, 750 / 1875] FPS: 71.7 (217.5), DataTime: 0.306 (0.069), ForwardTime: 0.071, TotalTime: 0.446, Loss/total: 0.32692, Loss/giou: 0.08133, Loss/l1: 0.00435, Loss/location: 0.14250, IoU: 0.91
[train: 163, 800 / 1875] FPS: 72.0 (218.0), DataTime: 0.304 (0.070), ForwardTime: 0.071, TotalTime: 0.444, Loss/total: 0.32795, Loss/giou: 0.08140, Loss/l1: 0.00436, Loss/location: 0.14334, IoU: 0.91
[train: 163, 850 / 1875] FPS: 71.5 (209.8), DataTime: 0.307 (0.069), ForwardTime: 0.071, TotalTime: 0.448, Loss/total: 0.32790, Loss/giou: 0.08124, Loss/l1: 0.00436, Loss/location: 0.14363, IoU: 0.91
[train: 163, 900 / 1875] FPS: 71.6 (220.4), DataTime: 0.306 (0.069), ForwardTime: 0.071, TotalTime: 0.447, Loss/total: 0.32737, Loss/giou: 0.08114, Loss/l1: 0.00435, Loss/location: 0.14335, IoU: 0.91
[train: 163, 950 / 1875] FPS: 71.9 (218.6), DataTime: 0.305 (0.069), ForwardTime: 0.071, TotalTime: 0.445, Loss/total: 0.32781, Loss/giou: 0.08131, Loss/l1: 0.00435, Loss/location: 0.14342, IoU: 0.91
[train: 163, 1000 / 1875] FPS: 72.0 (217.6), DataTime: 0.305 (0.069), ForwardTime: 0.071, TotalTime: 0.445, Loss/total: 0.32770, Loss/giou: 0.08138, Loss/l1: 0.00435, Loss/location: 0.14318, IoU: 0.91
[train: 163, 1050 / 1875] FPS: 72.2 (217.5), DataTime: 0.304 (0.069), ForwardTime: 0.071, TotalTime: 0.443, Loss/total: 0.32748, Loss/giou: 0.08143, Loss/l1: 0.00435, Loss/location: 0.14284, IoU: 0.91
[train: 163, 1100 / 1875] FPS: 72.3 (222.3), DataTime: 0.303 (0.069), ForwardTime: 0.071, TotalTime: 0.443, Loss/total: 0.32741, Loss/giou: 0.08143, Loss/l1: 0.00436, Loss/location: 0.14277, IoU: 0.91
[train: 163, 1150 / 1875] FPS: 72.4 (220.0), DataTime: 0.302 (0.069), ForwardTime: 0.071, TotalTime: 0.442, Loss/total: 0.32708, Loss/giou: 0.08138, Loss/l1: 0.00436, Loss/location: 0.14252, IoU: 0.91
[train: 163, 1200 / 1875] FPS: 72.5 (219.4), DataTime: 0.301 (0.069), ForwardTime: 0.071, TotalTime: 0.441, Loss/total: 0.32742, Loss/giou: 0.08149, Loss/l1: 0.00436, Loss/location: 0.14264, IoU: 0.91
[train: 163, 1250 / 1875] FPS: 72.0 (220.2), DataTime: 0.304 (0.069), ForwardTime: 0.071, TotalTime: 0.444, Loss/total: 0.32765, Loss/giou: 0.08160, Loss/l1: 0.00437, Loss/location: 0.14259, IoU: 0.91
[train: 163, 1300 / 1875] FPS: 72.2 (219.2), DataTime: 0.303 (0.069), ForwardTime: 0.071, TotalTime: 0.443, Loss/total: 0.32766, Loss/giou: 0.08158, Loss/l1: 0.00437, Loss/location: 0.14267, IoU: 0.91
[train: 163, 1350 / 1875] FPS: 72.3 (219.5), DataTime: 0.303 (0.069), ForwardTime: 0.071, TotalTime: 0.443, Loss/total: 0.32783, Loss/giou: 0.08156, Loss/l1: 0.00436, Loss/location: 0.14289, IoU: 0.91
[train: 163, 1400 / 1875] FPS: 72.4 (218.7), DataTime: 0.302 (0.069), ForwardTime: 0.071, TotalTime: 0.442, Loss/total: 0.32743, Loss/giou: 0.08148, Loss/l1: 0.00436, Loss/location: 0.14268, IoU: 0.91
[train: 163, 1450 / 1875] FPS: 72.6 (218.5), DataTime: 0.301 (0.069), ForwardTime: 0.071, TotalTime: 0.441, Loss/total: 0.32723, Loss/giou: 0.08150, Loss/l1: 0.00436, Loss/location: 0.14244, IoU: 0.91
[train: 163, 1500 / 1875] FPS: 72.7 (219.4), DataTime: 0.300 (0.069), ForwardTime: 0.071, TotalTime: 0.440, Loss/total: 0.32701, Loss/giou: 0.08141, Loss/l1: 0.00435, Loss/location: 0.14242, IoU: 0.91
[train: 163, 1550 / 1875] FPS: 72.6 (218.5), DataTime: 0.300 (0.069), ForwardTime: 0.071, TotalTime: 0.440, Loss/total: 0.32711, Loss/giou: 0.08143, Loss/l1: 0.00435, Loss/location: 0.14248, IoU: 0.91
[train: 163, 1600 / 1875] FPS: 72.7 (219.0), DataTime: 0.300 (0.069), ForwardTime: 0.071, TotalTime: 0.440, Loss/total: 0.32766, Loss/giou: 0.08147, Loss/l1: 0.00435, Loss/location: 0.14294, IoU: 0.91
[train: 163, 1650 / 1875] FPS: 72.3 (225.7), DataTime: 0.302 (0.069), ForwardTime: 0.071, TotalTime: 0.443, Loss/total: 0.32793, Loss/giou: 0.08149, Loss/l1: 0.00435, Loss/location: 0.14319, IoU: 0.91
[train: 163, 1700 / 1875] FPS: 72.4 (220.4), DataTime: 0.302 (0.069), ForwardTime: 0.071, TotalTime: 0.442, Loss/total: 0.32823, Loss/giou: 0.08153, Loss/l1: 0.00436, Loss/location: 0.14339, IoU: 0.91
[train: 163, 1750 / 1875] FPS: 72.5 (219.2), DataTime: 0.301 (0.069), ForwardTime: 0.071, TotalTime: 0.441, Loss/total: 0.32803, Loss/giou: 0.08148, Loss/l1: 0.00435, Loss/location: 0.14332, IoU: 0.91
[train: 163, 1800 / 1875] FPS: 72.6 (220.2), DataTime: 0.300 (0.069), ForwardTime: 0.071, TotalTime: 0.441, Loss/total: 0.32814, Loss/giou: 0.08152, Loss/l1: 0.00436, Loss/location: 0.14332, IoU: 0.91
[train: 163, 1850 / 1875] FPS: 72.7 (219.9), DataTime: 0.300 (0.069), ForwardTime: 0.071, TotalTime: 0.440, Loss/total: 0.32792, Loss/giou: 0.08146, Loss/l1: 0.00435, Loss/location: 0.14323, IoU: 0.91
[train: 163, 1875 / 1875] FPS: 73.2 (222.9), DataTime: 0.297 (0.069), ForwardTime: 0.071, TotalTime: 0.437, Loss/total: 0.32789, Loss/giou: 0.08143, Loss/l1: 0.00435, Loss/location: 0.14327, IoU: 0.91
Epoch Time: 0:13:39.559844
Avg Data Time: 0.29668
Avg GPU Trans Time: 0.06931
Avg Forward Time: 0.07110
[val: 163, 50 / 312] FPS: 70.4 (65.4), DataTime: 0.388 (0.007), ForwardTime: 0.059, TotalTime: 0.454, Loss/total: 0.46431, Loss/giou: 0.12260, Loss/l1: 0.00643, Loss/location: 0.18695, IoU: 0.87
[val: 163, 100 / 312] FPS: 82.7 (498.4), DataTime: 0.321 (0.007), ForwardTime: 0.059, TotalTime: 0.387, Loss/total: 0.46214, Loss/giou: 0.12234, Loss/l1: 0.00636, Loss/location: 0.18565, IoU: 0.87
[val: 163, 150 / 312] FPS: 87.7 (480.6), DataTime: 0.299 (0.007), ForwardTime: 0.059, TotalTime: 0.365, Loss/total: 0.46306, Loss/giou: 0.12141, Loss/l1: 0.00632, Loss/location: 0.18863, IoU: 0.87
[val: 163, 200 / 312] FPS: 91.1 (473.9), DataTime: 0.285 (0.007), ForwardTime: 0.059, TotalTime: 0.351, Loss/total: 0.46840, Loss/giou: 0.12190, Loss/l1: 0.00638, Loss/location: 0.19271, IoU: 0.87
[val: 163, 250 / 312] FPS: 93.2 (485.6), DataTime: 0.277 (0.007), ForwardTime: 0.059, TotalTime: 0.344, Loss/total: 0.46828, Loss/giou: 0.12217, Loss/l1: 0.00638, Loss/location: 0.19206, IoU: 0.87
[val: 163, 300 / 312] FPS: 94.9 (479.9), DataTime: 0.271 (0.007), ForwardTime: 0.059, TotalTime: 0.337, Loss/total: 0.46958, Loss/giou: 0.12275, Loss/l1: 0.00642, Loss/location: 0.19198, IoU: 0.87
[val: 163, 312 / 312] FPS: 96.7 (481.3), DataTime: 0.265 (0.007), ForwardTime: 0.059, TotalTime: 0.331, Loss/total: 0.47034, Loss/giou: 0.12285, Loss/l1: 0.00642, Loss/location: 0.19254, IoU: 0.87
Epoch Time: 0:01:43.272478
Avg Data Time: 0.26483
Avg GPU Trans Time: 0.00713
Avg Forward Time: 0.05904
/home/helm/tracker/ProContEXT-main/output/checkpoints/train/procontext/cmc3
[train: 164, 50 / 1875] FPS: 52.7 (225.9), DataTime: 0.468 (0.068), ForwardTime: 0.071, TotalTime: 0.607, Loss/total: 0.31351, Loss/giou: 0.08096, Loss/l1: 0.00423, Loss/location: 0.13046, IoU: 0.91
[train: 164, 100 / 1875] FPS: 61.6 (218.4), DataTime: 0.380 (0.068), ForwardTime: 0.071, TotalTime: 0.520, Loss/total: 0.32310, Loss/giou: 0.08145, Loss/l1: 0.00426, Loss/location: 0.13889, IoU: 0.91
[train: 164, 150 / 1875] FPS: 64.9 (219.6), DataTime: 0.353 (0.069), ForwardTime: 0.071, TotalTime: 0.493, Loss/total: 0.32368, Loss/giou: 0.08182, Loss/l1: 0.00441, Loss/location: 0.13797, IoU: 0.91
[train: 164, 200 / 1875] FPS: 66.9 (218.8), DataTime: 0.338 (0.069), ForwardTime: 0.071, TotalTime: 0.478, Loss/total: 0.32627, Loss/giou: 0.08213, Loss/l1: 0.00447, Loss/location: 0.13964, IoU: 0.91
[train: 164, 250 / 1875] FPS: 68.1 (220.5), DataTime: 0.329 (0.069), ForwardTime: 0.071, TotalTime: 0.470, Loss/total: 0.32877, Loss/giou: 0.08221, Loss/l1: 0.00451, Loss/location: 0.14183, IoU: 0.91
[train: 164, 300 / 1875] FPS: 69.0 (218.4), DataTime: 0.323 (0.070), ForwardTime: 0.071, TotalTime: 0.464, Loss/total: 0.32967, Loss/giou: 0.08227, Loss/l1: 0.00450, Loss/location: 0.14263, IoU: 0.91
[train: 164, 350 / 1875] FPS: 70.0 (219.2), DataTime: 0.317 (0.070), ForwardTime: 0.071, TotalTime: 0.457, Loss/total: 0.33096, Loss/giou: 0.08242, Loss/l1: 0.00454, Loss/location: 0.14342, IoU: 0.91
[train: 164, 400 / 1875] FPS: 70.7 (220.4), DataTime: 0.312 (0.070), ForwardTime: 0.071, TotalTime: 0.453, Loss/total: 0.33214, Loss/giou: 0.08244, Loss/l1: 0.00452, Loss/location: 0.14464, IoU: 0.91
[train: 164, 450 / 1875] FPS: 69.4 (218.9), DataTime: 0.321 (0.070), ForwardTime: 0.071, TotalTime: 0.461, Loss/total: 0.33156, Loss/giou: 0.08242, Loss/l1: 0.00450, Loss/location: 0.14421, IoU: 0.91
[train: 164, 500 / 1875] FPS: 70.1 (217.2), DataTime: 0.315 (0.070), ForwardTime: 0.071, TotalTime: 0.456, Loss/total: 0.33061, Loss/giou: 0.08224, Loss/l1: 0.00448, Loss/location: 0.14373, IoU: 0.91
[train: 164, 550 / 1875] FPS: 70.6 (219.5), DataTime: 0.312 (0.070), ForwardTime: 0.071, TotalTime: 0.453, Loss/total: 0.32994, Loss/giou: 0.08216, Loss/l1: 0.00446, Loss/location: 0.14331, IoU: 0.91
[train: 164, 600 / 1875] FPS: 71.1 (221.3), DataTime: 0.310 (0.069), ForwardTime: 0.071, TotalTime: 0.450, Loss/total: 0.32898, Loss/giou: 0.08208, Loss/l1: 0.00444, Loss/location: 0.14266, IoU: 0.91
[train: 164, 650 / 1875] FPS: 71.3 (219.3), DataTime: 0.308 (0.069), ForwardTime: 0.071, TotalTime: 0.449, Loss/total: 0.32931, Loss/giou: 0.08192, Loss/l1: 0.00442, Loss/location: 0.14338, IoU: 0.91
[train: 164, 700 / 1875] FPS: 71.6 (218.8), DataTime: 0.307 (0.069), ForwardTime: 0.071, TotalTime: 0.447, Loss/total: 0.32833, Loss/giou: 0.08182, Loss/l1: 0.00440, Loss/location: 0.14269, IoU: 0.91
[train: 164, 750 / 1875] FPS: 71.9 (219.1), DataTime: 0.305 (0.069), ForwardTime: 0.071, TotalTime: 0.445, Loss/total: 0.32793, Loss/giou: 0.08183, Loss/l1: 0.00440, Loss/location: 0.14225, IoU: 0.91
[train: 164, 800 / 1875] FPS: 72.0 (220.2), DataTime: 0.304 (0.069), ForwardTime: 0.071, TotalTime: 0.444, Loss/total: 0.32719, Loss/giou: 0.08166, Loss/l1: 0.00439, Loss/location: 0.14189, IoU: 0.91
[train: 164, 850 / 1875] FPS: 71.3 (52.4), DataTime: 0.309 (0.068), ForwardTime: 0.071, TotalTime: 0.449, Loss/total: 0.32664, Loss/giou: 0.08162, Loss/l1: 0.00439, Loss/location: 0.14145, IoU: 0.91
[train: 164, 900 / 1875] FPS: 71.5 (219.3), DataTime: 0.308 (0.068), ForwardTime: 0.071, TotalTime: 0.447, Loss/total: 0.32620, Loss/giou: 0.08154, Loss/l1: 0.00438, Loss/location: 0.14124, IoU: 0.91
[train: 164, 950 / 1875] FPS: 71.7 (219.1), DataTime: 0.307 (0.068), ForwardTime: 0.071, TotalTime: 0.446, Loss/total: 0.32633, Loss/giou: 0.08147, Loss/l1: 0.00437, Loss/location: 0.14155, IoU: 0.91
[train: 164, 1000 / 1875] FPS: 71.9 (219.8), DataTime: 0.306 (0.068), ForwardTime: 0.071, TotalTime: 0.445, Loss/total: 0.32640, Loss/giou: 0.08149, Loss/l1: 0.00436, Loss/location: 0.14160, IoU: 0.91
[train: 164, 1050 / 1875] FPS: 72.0 (219.3), DataTime: 0.305 (0.068), ForwardTime: 0.071, TotalTime: 0.445, Loss/total: 0.32605, Loss/giou: 0.08139, Loss/l1: 0.00436, Loss/location: 0.14148, IoU: 0.91
[train: 164, 1100 / 1875] FPS: 72.1 (218.0), DataTime: 0.305 (0.068), ForwardTime: 0.071, TotalTime: 0.444, Loss/total: 0.32667, Loss/giou: 0.08141, Loss/l1: 0.00436, Loss/location: 0.14207, IoU: 0.91
[train: 164, 1150 / 1875] FPS: 72.2 (219.1), DataTime: 0.304 (0.068), ForwardTime: 0.071, TotalTime: 0.443, Loss/total: 0.32608, Loss/giou: 0.08130, Loss/l1: 0.00435, Loss/location: 0.14174, IoU: 0.91
[train: 164, 1200 / 1875] FPS: 72.3 (220.7), DataTime: 0.304 (0.068), ForwardTime: 0.071, TotalTime: 0.442, Loss/total: 0.32605, Loss/giou: 0.08123, Loss/l1: 0.00434, Loss/location: 0.14189, IoU: 0.91
[train: 164, 1250 / 1875] FPS: 71.8 (11.9), DataTime: 0.307 (0.068), ForwardTime: 0.071, TotalTime: 0.445, Loss/total: 0.32611, Loss/giou: 0.08125, Loss/l1: 0.00434, Loss/location: 0.14189, IoU: 0.91
[train: 164, 1300 / 1875] FPS: 72.0 (218.5), DataTime: 0.306 (0.068), ForwardTime: 0.071, TotalTime: 0.445, Loss/total: 0.32613, Loss/giou: 0.08121, Loss/l1: 0.00434, Loss/location: 0.14203, IoU: 0.91
[train: 164, 1350 / 1875] FPS: 72.1 (218.9), DataTime: 0.305 (0.068), ForwardTime: 0.071, TotalTime: 0.444, Loss/total: 0.32662, Loss/giou: 0.08133, Loss/l1: 0.00435, Loss/location: 0.14220, IoU: 0.91
[train: 164, 1400 / 1875] FPS: 72.2 (218.8), DataTime: 0.305 (0.068), ForwardTime: 0.071, TotalTime: 0.443, Loss/total: 0.32687, Loss/giou: 0.08137, Loss/l1: 0.00435, Loss/location: 0.14238, IoU: 0.91
[train: 164, 1450 / 1875] FPS: 72.3 (220.5), DataTime: 0.304 (0.068), ForwardTime: 0.071, TotalTime: 0.443, Loss/total: 0.32669, Loss/giou: 0.08136, Loss/l1: 0.00435, Loss/location: 0.14222, IoU: 0.91
[train: 164, 1500 / 1875] FPS: 72.4 (217.3), DataTime: 0.303 (0.067), ForwardTime: 0.071, TotalTime: 0.442, Loss/total: 0.32682, Loss/giou: 0.08135, Loss/l1: 0.00435, Loss/location: 0.14239, IoU: 0.91
[train: 164, 1550 / 1875] FPS: 72.4 (219.0), DataTime: 0.303 (0.067), ForwardTime: 0.071, TotalTime: 0.442, Loss/total: 0.32724, Loss/giou: 0.08137, Loss/l1: 0.00435, Loss/location: 0.14276, IoU: 0.91
[train: 164, 1600 / 1875] FPS: 72.5 (218.6), DataTime: 0.303 (0.067), ForwardTime: 0.071, TotalTime: 0.441, Loss/total: 0.32691, Loss/giou: 0.08133, Loss/l1: 0.00434, Loss/location: 0.14253, IoU: 0.91
[train: 164, 1650 / 1875] FPS: 72.2 (7.0), DataTime: 0.305 (0.067), ForwardTime: 0.071, TotalTime: 0.443, Loss/total: 0.32714, Loss/giou: 0.08133, Loss/l1: 0.00435, Loss/location: 0.14273, IoU: 0.91
[train: 164, 1700 / 1875] FPS: 72.3 (218.2), DataTime: 0.304 (0.067), ForwardTime: 0.071, TotalTime: 0.443, Loss/total: 0.32670, Loss/giou: 0.08133, Loss/l1: 0.00434, Loss/location: 0.14231, IoU: 0.91
[train: 164, 1750 / 1875] FPS: 72.3 (219.9), DataTime: 0.304 (0.067), ForwardTime: 0.071, TotalTime: 0.442, Loss/total: 0.32605, Loss/giou: 0.08129, Loss/l1: 0.00434, Loss/location: 0.14178, IoU: 0.91
[train: 164, 1800 / 1875] FPS: 72.5 (216.9), DataTime: 0.303 (0.067), ForwardTime: 0.071, TotalTime: 0.441, Loss/total: 0.32619, Loss/giou: 0.08129, Loss/l1: 0.00434, Loss/location: 0.14190, IoU: 0.91
[train: 164, 1850 / 1875] FPS: 72.6 (218.2), DataTime: 0.302 (0.067), ForwardTime: 0.071, TotalTime: 0.441, Loss/total: 0.32672, Loss/giou: 0.08140, Loss/l1: 0.00435, Loss/location: 0.14215, IoU: 0.91
[train: 164, 1875 / 1875] FPS: 73.2 (218.1), DataTime: 0.299 (0.067), ForwardTime: 0.071, TotalTime: 0.437, Loss/total: 0.32655, Loss/giou: 0.08138, Loss/l1: 0.00435, Loss/location: 0.14202, IoU: 0.91
Epoch Time: 0:13:40.085922
Avg Data Time: 0.29890
Avg GPU Trans Time: 0.06741
Avg Forward Time: 0.07108
[val: 164, 50 / 312] FPS: 71.4 (500.2), DataTime: 0.381 (0.007), ForwardTime: 0.059, TotalTime: 0.448, Loss/total: 0.45808, Loss/giou: 0.12034, Loss/l1: 0.00630, Loss/location: 0.18591, IoU: 0.88
[val: 164, 100 / 312] FPS: 82.8 (499.4), DataTime: 0.320 (0.007), ForwardTime: 0.059, TotalTime: 0.386, Loss/total: 0.45161, Loss/giou: 0.11947, Loss/l1: 0.00616, Loss/location: 0.18186, IoU: 0.88
[val: 164, 150 / 312] FPS: 88.1 (494.0), DataTime: 0.297 (0.007), ForwardTime: 0.059, TotalTime: 0.363, Loss/total: 0.45678, Loss/giou: 0.12055, Loss/l1: 0.00626, Loss/location: 0.18436, IoU: 0.88
[val: 164, 200 / 312] FPS: 91.3 (470.2), DataTime: 0.284 (0.007), ForwardTime: 0.059, TotalTime: 0.351, Loss/total: 0.46193, Loss/giou: 0.12119, Loss/l1: 0.00631, Loss/location: 0.18799, IoU: 0.88
[val: 164, 250 / 312] FPS: 93.2 (465.4), DataTime: 0.277 (0.007), ForwardTime: 0.059, TotalTime: 0.343, Loss/total: 0.46650, Loss/giou: 0.12200, Loss/l1: 0.00631, Loss/location: 0.19093, IoU: 0.87
[val: 164, 300 / 312] FPS: 94.7 (480.6), DataTime: 0.271 (0.007), ForwardTime: 0.059, TotalTime: 0.338, Loss/total: 0.46446, Loss/giou: 0.12177, Loss/l1: 0.00628, Loss/location: 0.18950, IoU: 0.87
[val: 164, 312 / 312] FPS: 96.6 (500.7), DataTime: 0.265 (0.007), ForwardTime: 0.059, TotalTime: 0.331, Loss/total: 0.46559, Loss/giou: 0.12186, Loss/l1: 0.00629, Loss/location: 0.19040, IoU: 0.87
Epoch Time: 0:01:43.396523
Avg Data Time: 0.26494
Avg GPU Trans Time: 0.00716
Avg Forward Time: 0.05930
/home/helm/tracker/ProContEXT-main/output/checkpoints/train/procontext/cmc3
[train: 165, 50 / 1875] FPS: 54.0 (225.9), DataTime: 0.463 (0.059), ForwardTime: 0.071, TotalTime: 0.593, Loss/total: 0.33548, Loss/giou: 0.08316, Loss/l1: 0.00461, Loss/location: 0.14613, IoU: 0.91
[train: 165, 100 / 1875] FPS: 62.3 (221.0), DataTime: 0.381 (0.062), ForwardTime: 0.071, TotalTime: 0.514, Loss/total: 0.33219, Loss/giou: 0.08131, Loss/l1: 0.00442, Loss/location: 0.14745, IoU: 0.91
[train: 165, 150 / 1875] FPS: 65.9 (220.3), DataTime: 0.350 (0.065), ForwardTime: 0.071, TotalTime: 0.485, Loss/total: 0.33193, Loss/giou: 0.08150, Loss/l1: 0.00442, Loss/location: 0.14685, IoU: 0.91
[train: 165, 200 / 1875] FPS: 68.1 (218.0), DataTime: 0.333 (0.066), ForwardTime: 0.071, TotalTime: 0.470, Loss/total: 0.32713, Loss/giou: 0.08111, Loss/l1: 0.00436, Loss/location: 0.14311, IoU: 0.91
[train: 165, 250 / 1875] FPS: 69.3 (218.7), DataTime: 0.325 (0.065), ForwardTime: 0.071, TotalTime: 0.461, Loss/total: 0.32447, Loss/giou: 0.08055, Loss/l1: 0.00430, Loss/location: 0.14189, IoU: 0.92
[train: 165, 300 / 1875] FPS: 70.3 (220.8), DataTime: 0.319 (0.065), ForwardTime: 0.071, TotalTime: 0.455, Loss/total: 0.32543, Loss/giou: 0.08114, Loss/l1: 0.00434, Loss/location: 0.14145, IoU: 0.91
[train: 165, 350 / 1875] FPS: 71.1 (219.7), DataTime: 0.313 (0.066), ForwardTime: 0.071, TotalTime: 0.450, Loss/total: 0.32525, Loss/giou: 0.08084, Loss/l1: 0.00436, Loss/location: 0.14178, IoU: 0.92
[train: 165, 400 / 1875] FPS: 71.6 (220.3), DataTime: 0.310 (0.065), ForwardTime: 0.071, TotalTime: 0.447, Loss/total: 0.32574, Loss/giou: 0.08098, Loss/l1: 0.00436, Loss/location: 0.14198, IoU: 0.91
[train: 165, 450 / 1875] FPS: 70.7 (219.3), DataTime: 0.317 (0.065), ForwardTime: 0.071, TotalTime: 0.453, Loss/total: 0.32496, Loss/giou: 0.08087, Loss/l1: 0.00435, Loss/location: 0.14146, IoU: 0.92
[train: 165, 500 / 1875] FPS: 71.2 (218.0), DataTime: 0.314 (0.065), ForwardTime: 0.071, TotalTime: 0.449, Loss/total: 0.32544, Loss/giou: 0.08087, Loss/l1: 0.00434, Loss/location: 0.14199, IoU: 0.92
[train: 165, 550 / 1875] FPS: 71.5 (218.3), DataTime: 0.312 (0.064), ForwardTime: 0.071, TotalTime: 0.447, Loss/total: 0.32543, Loss/giou: 0.08087, Loss/l1: 0.00434, Loss/location: 0.14202, IoU: 0.92
[train: 165, 600 / 1875] FPS: 71.8 (219.4), DataTime: 0.311 (0.064), ForwardTime: 0.071, TotalTime: 0.445, Loss/total: 0.32579, Loss/giou: 0.08099, Loss/l1: 0.00434, Loss/location: 0.14214, IoU: 0.91
[train: 165, 650 / 1875] FPS: 71.8 (219.6), DataTime: 0.311 (0.064), ForwardTime: 0.071, TotalTime: 0.446, Loss/total: 0.32601, Loss/giou: 0.08106, Loss/l1: 0.00433, Loss/location: 0.14224, IoU: 0.91
[train: 165, 700 / 1875] FPS: 71.9 (218.3), DataTime: 0.310 (0.064), ForwardTime: 0.071, TotalTime: 0.445, Loss/total: 0.32724, Loss/giou: 0.08108, Loss/l1: 0.00433, Loss/location: 0.14342, IoU: 0.91
[train: 165, 750 / 1875] FPS: 72.2 (220.0), DataTime: 0.308 (0.063), ForwardTime: 0.071, TotalTime: 0.443, Loss/total: 0.32824, Loss/giou: 0.08128, Loss/l1: 0.00434, Loss/location: 0.14397, IoU: 0.91
[train: 165, 800 / 1875] FPS: 72.5 (220.9), DataTime: 0.307 (0.063), ForwardTime: 0.071, TotalTime: 0.441, Loss/total: 0.32919, Loss/giou: 0.08132, Loss/l1: 0.00435, Loss/location: 0.14483, IoU: 0.91
[train: 165, 850 / 1875] FPS: 72.2 (225.5), DataTime: 0.309 (0.063), ForwardTime: 0.071, TotalTime: 0.443, Loss/total: 0.32882, Loss/giou: 0.08138, Loss/l1: 0.00435, Loss/location: 0.14431, IoU: 0.91
[train: 165, 900 / 1875] FPS: 72.4 (219.2), DataTime: 0.307 (0.063), ForwardTime: 0.071, TotalTime: 0.442, Loss/total: 0.32887, Loss/giou: 0.08151, Loss/l1: 0.00437, Loss/location: 0.14399, IoU: 0.91
[train: 165, 950 / 1875] FPS: 72.4 (218.5), DataTime: 0.308 (0.063), ForwardTime: 0.071, TotalTime: 0.442, Loss/total: 0.32854, Loss/giou: 0.08146, Loss/l1: 0.00437, Loss/location: 0.14377, IoU: 0.91
[train: 165, 1000 / 1875] FPS: 72.6 (219.3), DataTime: 0.307 (0.063), ForwardTime: 0.071, TotalTime: 0.441, Loss/total: 0.32867, Loss/giou: 0.08151, Loss/l1: 0.00436, Loss/location: 0.14385, IoU: 0.91
[train: 165, 1050 / 1875] FPS: 72.5 (224.8), DataTime: 0.308 (0.062), ForwardTime: 0.071, TotalTime: 0.441, Loss/total: 0.32831, Loss/giou: 0.08138, Loss/l1: 0.00435, Loss/location: 0.14382, IoU: 0.91
[train: 165, 1100 / 1875] FPS: 72.7 (56.3), DataTime: 0.307 (0.062), ForwardTime: 0.071, TotalTime: 0.440, Loss/total: 0.32833, Loss/giou: 0.08137, Loss/l1: 0.00435, Loss/location: 0.14381, IoU: 0.91
[train: 165, 1150 / 1875] FPS: 72.8 (219.2), DataTime: 0.307 (0.062), ForwardTime: 0.071, TotalTime: 0.440, Loss/total: 0.32900, Loss/giou: 0.08144, Loss/l1: 0.00437, Loss/location: 0.14430, IoU: 0.91
[train: 165, 1200 / 1875] FPS: 73.0 (85.8), DataTime: 0.306 (0.061), ForwardTime: 0.071, TotalTime: 0.439, Loss/total: 0.32900, Loss/giou: 0.08137, Loss/l1: 0.00436, Loss/location: 0.14446, IoU: 0.91
[train: 165, 1250 / 1875] FPS: 72.7 (30.3), DataTime: 0.308 (0.061), ForwardTime: 0.071, TotalTime: 0.440, Loss/total: 0.32847, Loss/giou: 0.08136, Loss/l1: 0.00436, Loss/location: 0.14396, IoU: 0.91
[train: 165, 1300 / 1875] FPS: 72.7 (219.6), DataTime: 0.308 (0.061), ForwardTime: 0.071, TotalTime: 0.440, Loss/total: 0.32805, Loss/giou: 0.08132, Loss/l1: 0.00437, Loss/location: 0.14359, IoU: 0.91
[train: 165, 1350 / 1875] FPS: 72.8 (218.5), DataTime: 0.308 (0.061), ForwardTime: 0.071, TotalTime: 0.440, Loss/total: 0.32837, Loss/giou: 0.08138, Loss/l1: 0.00438, Loss/location: 0.14374, IoU: 0.91
[train: 165, 1400 / 1875] FPS: 72.8 (220.8), DataTime: 0.307 (0.061), ForwardTime: 0.071, TotalTime: 0.439, Loss/total: 0.32813, Loss/giou: 0.08141, Loss/l1: 0.00437, Loss/location: 0.14345, IoU: 0.91
[train: 165, 1450 / 1875] FPS: 72.8 (218.4), DataTime: 0.308 (0.061), ForwardTime: 0.071, TotalTime: 0.440, Loss/total: 0.32760, Loss/giou: 0.08136, Loss/l1: 0.00436, Loss/location: 0.14306, IoU: 0.91
[train: 165, 1500 / 1875] FPS: 72.9 (219.4), DataTime: 0.307 (0.060), ForwardTime: 0.071, TotalTime: 0.439, Loss/total: 0.32771, Loss/giou: 0.08140, Loss/l1: 0.00437, Loss/location: 0.14305, IoU: 0.91
[train: 165, 1550 / 1875] FPS: 73.0 (220.9), DataTime: 0.307 (0.060), ForwardTime: 0.071, TotalTime: 0.438, Loss/total: 0.32770, Loss/giou: 0.08139, Loss/l1: 0.00437, Loss/location: 0.14309, IoU: 0.91
[train: 165, 1600 / 1875] FPS: 73.0 (218.3), DataTime: 0.307 (0.060), ForwardTime: 0.071, TotalTime: 0.438, Loss/total: 0.32750, Loss/giou: 0.08131, Loss/l1: 0.00436, Loss/location: 0.14308, IoU: 0.91
[train: 165, 1650 / 1875] FPS: 72.9 (32.9), DataTime: 0.307 (0.061), ForwardTime: 0.071, TotalTime: 0.439, Loss/total: 0.32788, Loss/giou: 0.08141, Loss/l1: 0.00438, Loss/location: 0.14317, IoU: 0.91
[train: 165, 1700 / 1875] FPS: 73.0 (216.2), DataTime: 0.306 (0.061), ForwardTime: 0.071, TotalTime: 0.438, Loss/total: 0.32727, Loss/giou: 0.08132, Loss/l1: 0.00437, Loss/location: 0.14278, IoU: 0.91
[train: 165, 1750 / 1875] FPS: 72.7 (226.2), DataTime: 0.308 (0.061), ForwardTime: 0.071, TotalTime: 0.440, Loss/total: 0.32709, Loss/giou: 0.08130, Loss/l1: 0.00436, Loss/location: 0.14268, IoU: 0.91
[train: 165, 1800 / 1875] FPS: 72.8 (220.6), DataTime: 0.307 (0.061), ForwardTime: 0.071, TotalTime: 0.440, Loss/total: 0.32751, Loss/giou: 0.08138, Loss/l1: 0.00437, Loss/location: 0.14290, IoU: 0.91
[train: 165, 1850 / 1875] FPS: 72.8 (218.9), DataTime: 0.307 (0.061), ForwardTime: 0.071, TotalTime: 0.440, Loss/total: 0.32858, Loss/giou: 0.08150, Loss/l1: 0.00439, Loss/location: 0.14363, IoU: 0.91
[train: 165, 1875 / 1875] FPS: 73.4 (220.2), DataTime: 0.303 (0.062), ForwardTime: 0.071, TotalTime: 0.436, Loss/total: 0.32869, Loss/giou: 0.08152, Loss/l1: 0.00439, Loss/location: 0.14370, IoU: 0.91
Epoch Time: 0:13:37.976054
Avg Data Time: 0.30347
Avg GPU Trans Time: 0.06162
Avg Forward Time: 0.07116
[val: 165, 50 / 312] FPS: 71.1 (499.0), DataTime: 0.384 (0.007), ForwardTime: 0.059, TotalTime: 0.450, Loss/total: 0.46291, Loss/giou: 0.12361, Loss/l1: 0.00646, Loss/location: 0.18336, IoU: 0.87
[val: 165, 100 / 312] FPS: 83.3 (473.0), DataTime: 0.318 (0.007), ForwardTime: 0.059, TotalTime: 0.384, Loss/total: 0.46674, Loss/giou: 0.12273, Loss/l1: 0.00644, Loss/location: 0.18908, IoU: 0.87
[val: 165, 150 / 312] FPS: 88.7 (476.6), DataTime: 0.295 (0.007), ForwardTime: 0.059, TotalTime: 0.361, Loss/total: 0.46593, Loss/giou: 0.12255, Loss/l1: 0.00642, Loss/location: 0.18872, IoU: 0.87
[val: 165, 200 / 312] FPS: 91.5 (473.2), DataTime: 0.284 (0.007), ForwardTime: 0.059, TotalTime: 0.350, Loss/total: 0.45930, Loss/giou: 0.12145, Loss/l1: 0.00635, Loss/location: 0.18465, IoU: 0.88
[val: 165, 250 / 312] FPS: 93.2 (496.3), DataTime: 0.277 (0.007), ForwardTime: 0.059, TotalTime: 0.343, Loss/total: 0.46376, Loss/giou: 0.12174, Loss/l1: 0.00637, Loss/location: 0.18841, IoU: 0.87
[val: 165, 300 / 312] FPS: 94.9 (478.3), DataTime: 0.271 (0.007), ForwardTime: 0.059, TotalTime: 0.337, Loss/total: 0.46579, Loss/giou: 0.12181, Loss/l1: 0.00636, Loss/location: 0.19034, IoU: 0.87
[val: 165, 312 / 312] FPS: 96.6 (492.4), DataTime: 0.265 (0.007), ForwardTime: 0.059, TotalTime: 0.331, Loss/total: 0.46576, Loss/giou: 0.12175, Loss/l1: 0.00638, Loss/location: 0.19037, IoU: 0.87
Epoch Time: 0:01:43.383458
Avg Data Time: 0.26503
Avg GPU Trans Time: 0.00717
Avg Forward Time: 0.05915
/home/helm/tracker/ProContEXT-main/output/checkpoints/train/procontext/cmc3
[train: 166, 50 / 1875] FPS: 52.1 (219.0), DataTime: 0.475 (0.067), ForwardTime: 0.071, TotalTime: 0.614, Loss/total: 0.33412, Loss/giou: 0.08020, Loss/l1: 0.00427, Loss/location: 0.15237, IoU: 0.92
[train: 166, 100 / 1875] FPS: 61.9 (217.3), DataTime: 0.377 (0.069), ForwardTime: 0.071, TotalTime: 0.517, Loss/total: 0.33075, Loss/giou: 0.08087, Loss/l1: 0.00434, Loss/location: 0.14731, IoU: 0.92
[train: 166, 150 / 1875] FPS: 65.5 (219.9), DataTime: 0.349 (0.069), ForwardTime: 0.071, TotalTime: 0.489, Loss/total: 0.32827, Loss/giou: 0.08066, Loss/l1: 0.00431, Loss/location: 0.14541, IoU: 0.92
[train: 166, 200 / 1875] FPS: 67.6 (94.7), DataTime: 0.334 (0.069), ForwardTime: 0.071, TotalTime: 0.473, Loss/total: 0.32726, Loss/giou: 0.08093, Loss/l1: 0.00431, Loss/location: 0.14384, IoU: 0.91
[train: 166, 250 / 1875] FPS: 69.1 (219.3), DataTime: 0.324 (0.068), ForwardTime: 0.071, TotalTime: 0.463, Loss/total: 0.32765, Loss/giou: 0.08124, Loss/l1: 0.00437, Loss/location: 0.14330, IoU: 0.91
[train: 166, 300 / 1875] FPS: 69.8 (217.7), DataTime: 0.319 (0.068), ForwardTime: 0.071, TotalTime: 0.459, Loss/total: 0.32778, Loss/giou: 0.08130, Loss/l1: 0.00438, Loss/location: 0.14330, IoU: 0.91
[train: 166, 350 / 1875] FPS: 70.6 (219.1), DataTime: 0.314 (0.068), ForwardTime: 0.071, TotalTime: 0.453, Loss/total: 0.32817, Loss/giou: 0.08104, Loss/l1: 0.00436, Loss/location: 0.14430, IoU: 0.91
[train: 166, 400 / 1875] FPS: 71.1 (221.7), DataTime: 0.311 (0.068), ForwardTime: 0.071, TotalTime: 0.450, Loss/total: 0.32710, Loss/giou: 0.08096, Loss/l1: 0.00435, Loss/location: 0.14346, IoU: 0.91
[train: 166, 450 / 1875] FPS: 69.7 (220.3), DataTime: 0.320 (0.068), ForwardTime: 0.071, TotalTime: 0.459, Loss/total: 0.32770, Loss/giou: 0.08118, Loss/l1: 0.00437, Loss/location: 0.14348, IoU: 0.91
[train: 166, 500 / 1875] FPS: 70.3 (218.1), DataTime: 0.316 (0.068), ForwardTime: 0.071, TotalTime: 0.455, Loss/total: 0.32877, Loss/giou: 0.08138, Loss/l1: 0.00439, Loss/location: 0.14407, IoU: 0.91
[train: 166, 550 / 1875] FPS: 70.6 (221.0), DataTime: 0.314 (0.068), ForwardTime: 0.071, TotalTime: 0.453, Loss/total: 0.32860, Loss/giou: 0.08158, Loss/l1: 0.00438, Loss/location: 0.14354, IoU: 0.91
[train: 166, 600 / 1875] FPS: 70.9 (77.4), DataTime: 0.312 (0.068), ForwardTime: 0.071, TotalTime: 0.451, Loss/total: 0.32797, Loss/giou: 0.08133, Loss/l1: 0.00436, Loss/location: 0.14352, IoU: 0.91
[train: 166, 650 / 1875] FPS: 71.1 (216.5), DataTime: 0.311 (0.068), ForwardTime: 0.071, TotalTime: 0.450, Loss/total: 0.32777, Loss/giou: 0.08134, Loss/l1: 0.00437, Loss/location: 0.14324, IoU: 0.91
[train: 166, 700 / 1875] FPS: 71.5 (217.8), DataTime: 0.309 (0.067), ForwardTime: 0.071, TotalTime: 0.448, Loss/total: 0.32747, Loss/giou: 0.08136, Loss/l1: 0.00437, Loss/location: 0.14289, IoU: 0.91
[train: 166, 750 / 1875] FPS: 71.7 (220.2), DataTime: 0.308 (0.067), ForwardTime: 0.071, TotalTime: 0.446, Loss/total: 0.32799, Loss/giou: 0.08150, Loss/l1: 0.00439, Loss/location: 0.14305, IoU: 0.91
[train: 166, 800 / 1875] FPS: 71.9 (218.9), DataTime: 0.307 (0.067), ForwardTime: 0.071, TotalTime: 0.445, Loss/total: 0.32776, Loss/giou: 0.08147, Loss/l1: 0.00438, Loss/location: 0.14291, IoU: 0.91
[train: 166, 850 / 1875] FPS: 71.5 (225.7), DataTime: 0.310 (0.066), ForwardTime: 0.071, TotalTime: 0.448, Loss/total: 0.32765, Loss/giou: 0.08149, Loss/l1: 0.00438, Loss/location: 0.14277, IoU: 0.91
[train: 166, 900 / 1875] FPS: 71.5 (24.1), DataTime: 0.310 (0.066), ForwardTime: 0.071, TotalTime: 0.447, Loss/total: 0.32778, Loss/giou: 0.08151, Loss/l1: 0.00438, Loss/location: 0.14285, IoU: 0.91
[train: 166, 950 / 1875] FPS: 71.7 (218.2), DataTime: 0.309 (0.066), ForwardTime: 0.071, TotalTime: 0.446, Loss/total: 0.32779, Loss/giou: 0.08154, Loss/l1: 0.00438, Loss/location: 0.14280, IoU: 0.91
[train: 166, 1000 / 1875] FPS: 71.8 (38.4), DataTime: 0.309 (0.066), ForwardTime: 0.071, TotalTime: 0.446, Loss/total: 0.32765, Loss/giou: 0.08150, Loss/l1: 0.00438, Loss/location: 0.14276, IoU: 0.91
[train: 166, 1050 / 1875] FPS: 72.1 (219.3), DataTime: 0.307 (0.065), ForwardTime: 0.071, TotalTime: 0.444, Loss/total: 0.32758, Loss/giou: 0.08146, Loss/l1: 0.00439, Loss/location: 0.14273, IoU: 0.91
[train: 166, 1100 / 1875] FPS: 72.2 (219.1), DataTime: 0.307 (0.065), ForwardTime: 0.071, TotalTime: 0.443, Loss/total: 0.32766, Loss/giou: 0.08144, Loss/l1: 0.00439, Loss/location: 0.14284, IoU: 0.91
[train: 166, 1150 / 1875] FPS: 72.3 (220.6), DataTime: 0.306 (0.065), ForwardTime: 0.071, TotalTime: 0.442, Loss/total: 0.32734, Loss/giou: 0.08145, Loss/l1: 0.00439, Loss/location: 0.14251, IoU: 0.91
[train: 166, 1200 / 1875] FPS: 72.5 (217.4), DataTime: 0.305 (0.065), ForwardTime: 0.071, TotalTime: 0.441, Loss/total: 0.32767, Loss/giou: 0.08156, Loss/l1: 0.00442, Loss/location: 0.14247, IoU: 0.91
[train: 166, 1250 / 1875] FPS: 72.0 (223.8), DataTime: 0.308 (0.065), ForwardTime: 0.071, TotalTime: 0.444, Loss/total: 0.32731, Loss/giou: 0.08149, Loss/l1: 0.00441, Loss/location: 0.14230, IoU: 0.91
[train: 166, 1300 / 1875] FPS: 72.2 (32.7), DataTime: 0.308 (0.065), ForwardTime: 0.071, TotalTime: 0.443, Loss/total: 0.32727, Loss/giou: 0.08153, Loss/l1: 0.00441, Loss/location: 0.14216, IoU: 0.91
[train: 166, 1350 / 1875] FPS: 72.4 (219.7), DataTime: 0.306 (0.065), ForwardTime: 0.071, TotalTime: 0.442, Loss/total: 0.32785, Loss/giou: 0.08162, Loss/l1: 0.00442, Loss/location: 0.14250, IoU: 0.91
[train: 166, 1400 / 1875] FPS: 72.3 (28.5), DataTime: 0.306 (0.065), ForwardTime: 0.071, TotalTime: 0.442, Loss/total: 0.32814, Loss/giou: 0.08160, Loss/l1: 0.00443, Loss/location: 0.14281, IoU: 0.91
[train: 166, 1450 / 1875] FPS: 72.5 (218.6), DataTime: 0.306 (0.065), ForwardTime: 0.071, TotalTime: 0.442, Loss/total: 0.32807, Loss/giou: 0.08161, Loss/l1: 0.00442, Loss/location: 0.14273, IoU: 0.91
[train: 166, 1500 / 1875] FPS: 72.6 (219.3), DataTime: 0.305 (0.065), ForwardTime: 0.071, TotalTime: 0.441, Loss/total: 0.32731, Loss/giou: 0.08151, Loss/l1: 0.00442, Loss/location: 0.14221, IoU: 0.91
[train: 166, 1550 / 1875] FPS: 72.7 (220.8), DataTime: 0.304 (0.065), ForwardTime: 0.071, TotalTime: 0.440, Loss/total: 0.32709, Loss/giou: 0.08149, Loss/l1: 0.00441, Loss/location: 0.14206, IoU: 0.91
[train: 166, 1600 / 1875] FPS: 72.8 (219.5), DataTime: 0.303 (0.065), ForwardTime: 0.071, TotalTime: 0.439, Loss/total: 0.32684, Loss/giou: 0.08147, Loss/l1: 0.00441, Loss/location: 0.14187, IoU: 0.91
[train: 166, 1650 / 1875] FPS: 72.5 (225.7), DataTime: 0.305 (0.065), ForwardTime: 0.071, TotalTime: 0.441, Loss/total: 0.32691, Loss/giou: 0.08147, Loss/l1: 0.00441, Loss/location: 0.14193, IoU: 0.91
[train: 166, 1700 / 1875] FPS: 72.6 (218.5), DataTime: 0.305 (0.065), ForwardTime: 0.071, TotalTime: 0.441, Loss/total: 0.32728, Loss/giou: 0.08149, Loss/l1: 0.00441, Loss/location: 0.14226, IoU: 0.91
[train: 166, 1750 / 1875] FPS: 72.7 (219.2), DataTime: 0.304 (0.065), ForwardTime: 0.071, TotalTime: 0.440, Loss/total: 0.32667, Loss/giou: 0.08143, Loss/l1: 0.00440, Loss/location: 0.14182, IoU: 0.91
[train: 166, 1800 / 1875] FPS: 72.7 (28.3), DataTime: 0.304 (0.065), ForwardTime: 0.071, TotalTime: 0.440, Loss/total: 0.32672, Loss/giou: 0.08142, Loss/l1: 0.00440, Loss/location: 0.14188, IoU: 0.91
[train: 166, 1850 / 1875] FPS: 72.8 (216.8), DataTime: 0.304 (0.065), ForwardTime: 0.071, TotalTime: 0.440, Loss/total: 0.32613, Loss/giou: 0.08134, Loss/l1: 0.00439, Loss/location: 0.14150, IoU: 0.91
[train: 166, 1875 / 1875] FPS: 73.2 (221.9), DataTime: 0.301 (0.065), ForwardTime: 0.071, TotalTime: 0.437, Loss/total: 0.32621, Loss/giou: 0.08134, Loss/l1: 0.00439, Loss/location: 0.14158, IoU: 0.91
Epoch Time: 0:13:39.576082
Avg Data Time: 0.30081
Avg GPU Trans Time: 0.06521
Avg Forward Time: 0.07108
[val: 166, 50 / 312] FPS: 71.3 (497.2), DataTime: 0.383 (0.007), ForwardTime: 0.059, TotalTime: 0.449, Loss/total: 0.48306, Loss/giou: 0.12402, Loss/l1: 0.00668, Loss/location: 0.20165, IoU: 0.87
[val: 166, 100 / 312] FPS: 83.5 (471.4), DataTime: 0.317 (0.007), ForwardTime: 0.059, TotalTime: 0.383, Loss/total: 0.47900, Loss/giou: 0.12397, Loss/l1: 0.00670, Loss/location: 0.19755, IoU: 0.87
[val: 166, 150 / 312] FPS: 88.2 (470.7), DataTime: 0.296 (0.007), ForwardTime: 0.059, TotalTime: 0.363, Loss/total: 0.48528, Loss/giou: 0.12402, Loss/l1: 0.00667, Loss/location: 0.20391, IoU: 0.87
[val: 166, 200 / 312] FPS: 90.9 (476.1), DataTime: 0.286 (0.007), ForwardTime: 0.059, TotalTime: 0.352, Loss/total: 0.48161, Loss/giou: 0.12441, Loss/l1: 0.00661, Loss/location: 0.19976, IoU: 0.87
[val: 166, 250 / 312] FPS: 92.6 (480.6), DataTime: 0.279 (0.007), ForwardTime: 0.059, TotalTime: 0.346, Loss/total: 0.47896, Loss/giou: 0.12408, Loss/l1: 0.00655, Loss/location: 0.19807, IoU: 0.87
[val: 166, 300 / 312] FPS: 94.4 (477.6), DataTime: 0.273 (0.007), ForwardTime: 0.059, TotalTime: 0.339, Loss/total: 0.47572, Loss/giou: 0.12389, Loss/l1: 0.00649, Loss/location: 0.19548, IoU: 0.87
[val: 166, 312 / 312] FPS: 96.2 (476.4), DataTime: 0.267 (0.007), ForwardTime: 0.059, TotalTime: 0.333, Loss/total: 0.47472, Loss/giou: 0.12363, Loss/l1: 0.00647, Loss/location: 0.19511, IoU: 0.87
Epoch Time: 0:01:43.820048
Avg Data Time: 0.26655
Avg GPU Trans Time: 0.00711
Avg Forward Time: 0.05910
/home/helm/tracker/ProContEXT-main/output/checkpoints/train/procontext/cmc3
[train: 167, 50 / 1875] FPS: 52.8 (219.7), DataTime: 0.466 (0.069), ForwardTime: 0.071, TotalTime: 0.606, Loss/total: 0.33275, Loss/giou: 0.08130, Loss/l1: 0.00485, Loss/location: 0.14588, IoU: 0.92
[train: 167, 100 / 1875] FPS: 61.3 (220.6), DataTime: 0.381 (0.069), ForwardTime: 0.071, TotalTime: 0.522, Loss/total: 0.32834, Loss/giou: 0.08299, Loss/l1: 0.00470, Loss/location: 0.13887, IoU: 0.91
[train: 167, 150 / 1875] FPS: 65.0 (220.5), DataTime: 0.352 (0.069), ForwardTime: 0.071, TotalTime: 0.492, Loss/total: 0.32720, Loss/giou: 0.08175, Loss/l1: 0.00453, Loss/location: 0.14105, IoU: 0.91
[train: 167, 200 / 1875] FPS: 67.4 (219.0), DataTime: 0.335 (0.069), ForwardTime: 0.071, TotalTime: 0.475, Loss/total: 0.32940, Loss/giou: 0.08197, Loss/l1: 0.00450, Loss/location: 0.14299, IoU: 0.91
[train: 167, 250 / 1875] FPS: 68.6 (217.8), DataTime: 0.326 (0.069), ForwardTime: 0.071, TotalTime: 0.466, Loss/total: 0.33238, Loss/giou: 0.08194, Loss/l1: 0.00449, Loss/location: 0.14605, IoU: 0.91
[train: 167, 300 / 1875] FPS: 69.5 (217.6), DataTime: 0.320 (0.069), ForwardTime: 0.071, TotalTime: 0.461, Loss/total: 0.33367, Loss/giou: 0.08188, Loss/l1: 0.00449, Loss/location: 0.14745, IoU: 0.91
[train: 167, 350 / 1875] FPS: 69.9 (220.0), DataTime: 0.318 (0.069), ForwardTime: 0.071, TotalTime: 0.458, Loss/total: 0.33232, Loss/giou: 0.08156, Loss/l1: 0.00446, Loss/location: 0.14688, IoU: 0.91
[train: 167, 400 / 1875] FPS: 70.6 (222.1), DataTime: 0.313 (0.069), ForwardTime: 0.071, TotalTime: 0.453, Loss/total: 0.33147, Loss/giou: 0.08163, Loss/l1: 0.00448, Loss/location: 0.14582, IoU: 0.91
[train: 167, 450 / 1875] FPS: 69.4 (223.5), DataTime: 0.321 (0.069), ForwardTime: 0.071, TotalTime: 0.461, Loss/total: 0.33166, Loss/giou: 0.08139, Loss/l1: 0.00448, Loss/location: 0.14645, IoU: 0.91
[train: 167, 500 / 1875] FPS: 70.0 (219.9), DataTime: 0.317 (0.069), ForwardTime: 0.071, TotalTime: 0.457, Loss/total: 0.33090, Loss/giou: 0.08143, Loss/l1: 0.00450, Loss/location: 0.14557, IoU: 0.91
[train: 167, 550 / 1875] FPS: 70.5 (218.9), DataTime: 0.314 (0.069), ForwardTime: 0.071, TotalTime: 0.454, Loss/total: 0.33096, Loss/giou: 0.08144, Loss/l1: 0.00448, Loss/location: 0.14567, IoU: 0.91
[train: 167, 600 / 1875] FPS: 71.0 (219.3), DataTime: 0.310 (0.069), ForwardTime: 0.071, TotalTime: 0.451, Loss/total: 0.32995, Loss/giou: 0.08135, Loss/l1: 0.00447, Loss/location: 0.14490, IoU: 0.91
[train: 167, 650 / 1875] FPS: 71.3 (221.2), DataTime: 0.308 (0.069), ForwardTime: 0.071, TotalTime: 0.449, Loss/total: 0.32986, Loss/giou: 0.08139, Loss/l1: 0.00447, Loss/location: 0.14472, IoU: 0.91
[train: 167, 700 / 1875] FPS: 71.6 (218.9), DataTime: 0.306 (0.069), ForwardTime: 0.071, TotalTime: 0.447, Loss/total: 0.32900, Loss/giou: 0.08128, Loss/l1: 0.00446, Loss/location: 0.14415, IoU: 0.91
[train: 167, 750 / 1875] FPS: 71.9 (219.2), DataTime: 0.305 (0.069), ForwardTime: 0.071, TotalTime: 0.445, Loss/total: 0.32847, Loss/giou: 0.08114, Loss/l1: 0.00445, Loss/location: 0.14397, IoU: 0.91
[train: 167, 800 / 1875] FPS: 72.1 (219.5), DataTime: 0.304 (0.069), ForwardTime: 0.071, TotalTime: 0.444, Loss/total: 0.32877, Loss/giou: 0.08110, Loss/l1: 0.00444, Loss/location: 0.14436, IoU: 0.91
[train: 167, 850 / 1875] FPS: 71.5 (221.2), DataTime: 0.308 (0.069), ForwardTime: 0.071, TotalTime: 0.447, Loss/total: 0.32925, Loss/giou: 0.08121, Loss/l1: 0.00445, Loss/location: 0.14457, IoU: 0.91
[train: 167, 900 / 1875] FPS: 71.6 (42.6), DataTime: 0.308 (0.068), ForwardTime: 0.071, TotalTime: 0.447, Loss/total: 0.32903, Loss/giou: 0.08119, Loss/l1: 0.00445, Loss/location: 0.14442, IoU: 0.91
[train: 167, 950 / 1875] FPS: 71.7 (219.4), DataTime: 0.307 (0.068), ForwardTime: 0.071, TotalTime: 0.446, Loss/total: 0.32925, Loss/giou: 0.08131, Loss/l1: 0.00445, Loss/location: 0.14440, IoU: 0.91
[train: 167, 1000 / 1875] FPS: 71.9 (218.9), DataTime: 0.306 (0.068), ForwardTime: 0.071, TotalTime: 0.445, Loss/total: 0.32953, Loss/giou: 0.08132, Loss/l1: 0.00445, Loss/location: 0.14465, IoU: 0.91
[train: 167, 1050 / 1875] FPS: 72.1 (221.7), DataTime: 0.305 (0.067), ForwardTime: 0.071, TotalTime: 0.444, Loss/total: 0.32935, Loss/giou: 0.08130, Loss/l1: 0.00444, Loss/location: 0.14455, IoU: 0.91
[train: 167, 1100 / 1875] FPS: 72.2 (218.6), DataTime: 0.305 (0.067), ForwardTime: 0.071, TotalTime: 0.443, Loss/total: 0.32967, Loss/giou: 0.08134, Loss/l1: 0.00444, Loss/location: 0.14481, IoU: 0.91
[train: 167, 1150 / 1875] FPS: 72.4 (218.6), DataTime: 0.304 (0.067), ForwardTime: 0.071, TotalTime: 0.442, Loss/total: 0.32942, Loss/giou: 0.08133, Loss/l1: 0.00444, Loss/location: 0.14457, IoU: 0.91
[train: 167, 1200 / 1875] FPS: 72.5 (218.9), DataTime: 0.303 (0.067), ForwardTime: 0.071, TotalTime: 0.441, Loss/total: 0.32934, Loss/giou: 0.08138, Loss/l1: 0.00446, Loss/location: 0.14430, IoU: 0.91
[train: 167, 1250 / 1875] FPS: 72.0 (222.9), DataTime: 0.306 (0.067), ForwardTime: 0.071, TotalTime: 0.445, Loss/total: 0.32888, Loss/giou: 0.08130, Loss/l1: 0.00444, Loss/location: 0.14406, IoU: 0.91
[train: 167, 1300 / 1875] FPS: 72.2 (218.6), DataTime: 0.305 (0.067), ForwardTime: 0.071, TotalTime: 0.443, Loss/total: 0.32859, Loss/giou: 0.08131, Loss/l1: 0.00444, Loss/location: 0.14376, IoU: 0.91
[train: 167, 1350 / 1875] FPS: 72.3 (216.0), DataTime: 0.304 (0.067), ForwardTime: 0.071, TotalTime: 0.443, Loss/total: 0.32847, Loss/giou: 0.08126, Loss/l1: 0.00443, Loss/location: 0.14378, IoU: 0.91
[train: 167, 1400 / 1875] FPS: 72.4 (220.7), DataTime: 0.304 (0.068), ForwardTime: 0.071, TotalTime: 0.442, Loss/total: 0.32865, Loss/giou: 0.08136, Loss/l1: 0.00444, Loss/location: 0.14374, IoU: 0.91
[train: 167, 1450 / 1875] FPS: 72.4 (218.9), DataTime: 0.303 (0.068), ForwardTime: 0.071, TotalTime: 0.442, Loss/total: 0.32911, Loss/giou: 0.08136, Loss/l1: 0.00444, Loss/location: 0.14419, IoU: 0.91
[train: 167, 1500 / 1875] FPS: 72.5 (218.8), DataTime: 0.303 (0.068), ForwardTime: 0.071, TotalTime: 0.441, Loss/total: 0.32944, Loss/giou: 0.08136, Loss/l1: 0.00444, Loss/location: 0.14453, IoU: 0.91
[train: 167, 1550 / 1875] FPS: 72.6 (217.8), DataTime: 0.302 (0.068), ForwardTime: 0.071, TotalTime: 0.441, Loss/total: 0.32977, Loss/giou: 0.08144, Loss/l1: 0.00444, Loss/location: 0.14466, IoU: 0.91
[train: 167, 1600 / 1875] FPS: 72.7 (219.5), DataTime: 0.301 (0.068), ForwardTime: 0.071, TotalTime: 0.440, Loss/total: 0.32934, Loss/giou: 0.08140, Loss/l1: 0.00444, Loss/location: 0.14432, IoU: 0.91
[train: 167, 1650 / 1875] FPS: 72.4 (225.6), DataTime: 0.303 (0.068), ForwardTime: 0.071, TotalTime: 0.442, Loss/total: 0.32927, Loss/giou: 0.08137, Loss/l1: 0.00444, Loss/location: 0.14435, IoU: 0.91
[train: 167, 1700 / 1875] FPS: 72.5 (219.3), DataTime: 0.303 (0.068), ForwardTime: 0.071, TotalTime: 0.442, Loss/total: 0.32937, Loss/giou: 0.08139, Loss/l1: 0.00444, Loss/location: 0.14440, IoU: 0.91
[train: 167, 1750 / 1875] FPS: 72.6 (219.3), DataTime: 0.302 (0.068), ForwardTime: 0.071, TotalTime: 0.441, Loss/total: 0.32949, Loss/giou: 0.08137, Loss/l1: 0.00443, Loss/location: 0.14459, IoU: 0.91
[train: 167, 1800 / 1875] FPS: 72.6 (221.2), DataTime: 0.302 (0.068), ForwardTime: 0.071, TotalTime: 0.441, Loss/total: 0.32968, Loss/giou: 0.08136, Loss/l1: 0.00443, Loss/location: 0.14479, IoU: 0.91
[train: 167, 1850 / 1875] FPS: 72.7 (219.9), DataTime: 0.301 (0.068), ForwardTime: 0.071, TotalTime: 0.440, Loss/total: 0.32967, Loss/giou: 0.08135, Loss/l1: 0.00443, Loss/location: 0.14482, IoU: 0.91
[train: 167, 1875 / 1875] FPS: 73.2 (221.6), DataTime: 0.298 (0.068), ForwardTime: 0.071, TotalTime: 0.437, Loss/total: 0.32934, Loss/giou: 0.08129, Loss/l1: 0.00442, Loss/location: 0.14464, IoU: 0.91
Epoch Time: 0:13:40.101807
Avg Data Time: 0.29833
Avg GPU Trans Time: 0.06792
Avg Forward Time: 0.07115
[val: 167, 50 / 312] FPS: 70.4 (499.6), DataTime: 0.388 (0.007), ForwardTime: 0.059, TotalTime: 0.454, Loss/total: 0.47548, Loss/giou: 0.12699, Loss/l1: 0.00641, Loss/location: 0.18948, IoU: 0.87
[val: 167, 100 / 312] FPS: 82.2 (498.1), DataTime: 0.323 (0.007), ForwardTime: 0.059, TotalTime: 0.389, Loss/total: 0.48456, Loss/giou: 0.12851, Loss/l1: 0.00655, Loss/location: 0.19479, IoU: 0.87
[val: 167, 150 / 312] FPS: 87.9 (476.2), DataTime: 0.298 (0.007), ForwardTime: 0.059, TotalTime: 0.364, Loss/total: 0.48232, Loss/giou: 0.12766, Loss/l1: 0.00647, Loss/location: 0.19467, IoU: 0.87
[val: 167, 200 / 312] FPS: 91.2 (480.2), DataTime: 0.284 (0.007), ForwardTime: 0.059, TotalTime: 0.351, Loss/total: 0.47670, Loss/giou: 0.12658, Loss/l1: 0.00645, Loss/location: 0.19129, IoU: 0.87
[val: 167, 250 / 312] FPS: 93.3 (480.2), DataTime: 0.277 (0.007), ForwardTime: 0.059, TotalTime: 0.343, Loss/total: 0.47756, Loss/giou: 0.12637, Loss/l1: 0.00645, Loss/location: 0.19256, IoU: 0.87
[val: 167, 300 / 312] FPS: 94.9 (482.9), DataTime: 0.271 (0.007), ForwardTime: 0.059, TotalTime: 0.337, Loss/total: 0.47853, Loss/giou: 0.12566, Loss/l1: 0.00643, Loss/location: 0.19505, IoU: 0.87
[val: 167, 312 / 312] FPS: 96.7 (483.9), DataTime: 0.265 (0.007), ForwardTime: 0.059, TotalTime: 0.331, Loss/total: 0.47754, Loss/giou: 0.12550, Loss/l1: 0.00644, Loss/location: 0.19435, IoU: 0.87
Epoch Time: 0:01:43.250397
Avg Data Time: 0.26460
Avg GPU Trans Time: 0.00711
Avg Forward Time: 0.05921
/home/helm/tracker/ProContEXT-main/output/checkpoints/train/procontext/cmc3
[train: 168, 50 / 1875] FPS: 53.6 (74.6), DataTime: 0.462 (0.063), ForwardTime: 0.071, TotalTime: 0.597, Loss/total: 0.32489, Loss/giou: 0.08058, Loss/l1: 0.00419, Loss/location: 0.14277, IoU: 0.92
[train: 168, 100 / 1875] FPS: 62.2 (218.7), DataTime: 0.377 (0.066), ForwardTime: 0.071, TotalTime: 0.514, Loss/total: 0.32362, Loss/giou: 0.08029, Loss/l1: 0.00424, Loss/location: 0.14182, IoU: 0.92
[train: 168, 150 / 1875] FPS: 66.2 (216.7), DataTime: 0.346 (0.066), ForwardTime: 0.071, TotalTime: 0.483, Loss/total: 0.32644, Loss/giou: 0.08060, Loss/l1: 0.00435, Loss/location: 0.14350, IoU: 0.92
[train: 168, 200 / 1875] FPS: 67.9 (219.4), DataTime: 0.335 (0.066), ForwardTime: 0.071, TotalTime: 0.471, Loss/total: 0.33277, Loss/giou: 0.08155, Loss/l1: 0.00447, Loss/location: 0.14732, IoU: 0.91
[train: 168, 250 / 1875] FPS: 69.2 (219.6), DataTime: 0.326 (0.066), ForwardTime: 0.071, TotalTime: 0.463, Loss/total: 0.33261, Loss/giou: 0.08141, Loss/l1: 0.00445, Loss/location: 0.14752, IoU: 0.91
[train: 168, 300 / 1875] FPS: 70.0 (220.3), DataTime: 0.321 (0.066), ForwardTime: 0.071, TotalTime: 0.457, Loss/total: 0.32902, Loss/giou: 0.08060, Loss/l1: 0.00440, Loss/location: 0.14582, IoU: 0.92
[train: 168, 350 / 1875] FPS: 70.5 (221.3), DataTime: 0.317 (0.066), ForwardTime: 0.071, TotalTime: 0.454, Loss/total: 0.32680, Loss/giou: 0.08030, Loss/l1: 0.00437, Loss/location: 0.14437, IoU: 0.92
[train: 168, 400 / 1875] FPS: 71.1 (219.9), DataTime: 0.313 (0.066), ForwardTime: 0.071, TotalTime: 0.450, Loss/total: 0.32583, Loss/giou: 0.08052, Loss/l1: 0.00437, Loss/location: 0.14293, IoU: 0.92
[train: 168, 450 / 1875] FPS: 70.7 (222.2), DataTime: 0.316 (0.065), ForwardTime: 0.071, TotalTime: 0.453, Loss/total: 0.32562, Loss/giou: 0.08042, Loss/l1: 0.00437, Loss/location: 0.14293, IoU: 0.92
[train: 168, 500 / 1875] FPS: 70.5 (14.2), DataTime: 0.318 (0.065), ForwardTime: 0.071, TotalTime: 0.454, Loss/total: 0.32581, Loss/giou: 0.08061, Loss/l1: 0.00437, Loss/location: 0.14271, IoU: 0.92
[train: 168, 550 / 1875] FPS: 70.8 (220.4), DataTime: 0.316 (0.065), ForwardTime: 0.071, TotalTime: 0.452, Loss/total: 0.32797, Loss/giou: 0.08103, Loss/l1: 0.00441, Loss/location: 0.14386, IoU: 0.91
[train: 168, 600 / 1875] FPS: 71.1 (220.0), DataTime: 0.314 (0.065), ForwardTime: 0.071, TotalTime: 0.450, Loss/total: 0.32766, Loss/giou: 0.08102, Loss/l1: 0.00440, Loss/location: 0.14361, IoU: 0.91
[train: 168, 650 / 1875] FPS: 71.4 (220.4), DataTime: 0.313 (0.065), ForwardTime: 0.071, TotalTime: 0.448, Loss/total: 0.32705, Loss/giou: 0.08097, Loss/l1: 0.00440, Loss/location: 0.14310, IoU: 0.92
[train: 168, 700 / 1875] FPS: 71.7 (218.8), DataTime: 0.311 (0.064), ForwardTime: 0.071, TotalTime: 0.446, Loss/total: 0.32675, Loss/giou: 0.08093, Loss/l1: 0.00441, Loss/location: 0.14283, IoU: 0.92
[train: 168, 750 / 1875] FPS: 72.1 (219.4), DataTime: 0.309 (0.064), ForwardTime: 0.071, TotalTime: 0.444, Loss/total: 0.32607, Loss/giou: 0.08085, Loss/l1: 0.00440, Loss/location: 0.14238, IoU: 0.92
[train: 168, 800 / 1875] FPS: 72.3 (218.9), DataTime: 0.308 (0.064), ForwardTime: 0.071, TotalTime: 0.443, Loss/total: 0.32767, Loss/giou: 0.08108, Loss/l1: 0.00441, Loss/location: 0.14348, IoU: 0.91
[train: 168, 850 / 1875] FPS: 71.9 (220.4), DataTime: 0.310 (0.064), ForwardTime: 0.071, TotalTime: 0.445, Loss/total: 0.32813, Loss/giou: 0.08108, Loss/l1: 0.00440, Loss/location: 0.14395, IoU: 0.91
[train: 168, 900 / 1875] FPS: 71.8 (21.6), DataTime: 0.312 (0.063), ForwardTime: 0.071, TotalTime: 0.446, Loss/total: 0.32880, Loss/giou: 0.08119, Loss/l1: 0.00442, Loss/location: 0.14432, IoU: 0.91
[train: 168, 950 / 1875] FPS: 72.0 (218.8), DataTime: 0.311 (0.063), ForwardTime: 0.071, TotalTime: 0.444, Loss/total: 0.32838, Loss/giou: 0.08104, Loss/l1: 0.00441, Loss/location: 0.14427, IoU: 0.91
[train: 168, 1000 / 1875] FPS: 72.2 (216.9), DataTime: 0.309 (0.063), ForwardTime: 0.071, TotalTime: 0.443, Loss/total: 0.32851, Loss/giou: 0.08104, Loss/l1: 0.00441, Loss/location: 0.14440, IoU: 0.91
[train: 168, 1050 / 1875] FPS: 72.3 (220.2), DataTime: 0.309 (0.062), ForwardTime: 0.071, TotalTime: 0.443, Loss/total: 0.32851, Loss/giou: 0.08103, Loss/l1: 0.00441, Loss/location: 0.14441, IoU: 0.91
[train: 168, 1100 / 1875] FPS: 72.4 (219.7), DataTime: 0.309 (0.062), ForwardTime: 0.071, TotalTime: 0.442, Loss/total: 0.32832, Loss/giou: 0.08095, Loss/l1: 0.00441, Loss/location: 0.14436, IoU: 0.92
[train: 168, 1150 / 1875] FPS: 72.5 (217.3), DataTime: 0.308 (0.062), ForwardTime: 0.071, TotalTime: 0.441, Loss/total: 0.32830, Loss/giou: 0.08093, Loss/l1: 0.00441, Loss/location: 0.14440, IoU: 0.92
[train: 168, 1200 / 1875] FPS: 72.6 (220.4), DataTime: 0.307 (0.062), ForwardTime: 0.071, TotalTime: 0.441, Loss/total: 0.32769, Loss/giou: 0.08091, Loss/l1: 0.00440, Loss/location: 0.14389, IoU: 0.92
[train: 168, 1250 / 1875] FPS: 72.5 (224.3), DataTime: 0.308 (0.062), ForwardTime: 0.071, TotalTime: 0.442, Loss/total: 0.32791, Loss/giou: 0.08093, Loss/l1: 0.00440, Loss/location: 0.14407, IoU: 0.92
[train: 168, 1300 / 1875] FPS: 72.3 (16.9), DataTime: 0.310 (0.062), ForwardTime: 0.071, TotalTime: 0.443, Loss/total: 0.32784, Loss/giou: 0.08091, Loss/l1: 0.00439, Loss/location: 0.14405, IoU: 0.92
[train: 168, 1350 / 1875] FPS: 72.4 (218.3), DataTime: 0.309 (0.062), ForwardTime: 0.071, TotalTime: 0.442, Loss/total: 0.32664, Loss/giou: 0.08082, Loss/l1: 0.00438, Loss/location: 0.14310, IoU: 0.92
[train: 168, 1400 / 1875] FPS: 72.5 (219.4), DataTime: 0.308 (0.062), ForwardTime: 0.071, TotalTime: 0.441, Loss/total: 0.32579, Loss/giou: 0.08069, Loss/l1: 0.00437, Loss/location: 0.14257, IoU: 0.92
[train: 168, 1450 / 1875] FPS: 72.6 (219.4), DataTime: 0.308 (0.062), ForwardTime: 0.071, TotalTime: 0.441, Loss/total: 0.32575, Loss/giou: 0.08072, Loss/l1: 0.00437, Loss/location: 0.14247, IoU: 0.92
[train: 168, 1500 / 1875] FPS: 72.7 (218.5), DataTime: 0.308 (0.062), ForwardTime: 0.071, TotalTime: 0.440, Loss/total: 0.32551, Loss/giou: 0.08068, Loss/l1: 0.00436, Loss/location: 0.14233, IoU: 0.92
[train: 168, 1550 / 1875] FPS: 72.8 (219.4), DataTime: 0.307 (0.061), ForwardTime: 0.071, TotalTime: 0.439, Loss/total: 0.32516, Loss/giou: 0.08066, Loss/l1: 0.00436, Loss/location: 0.14204, IoU: 0.92
[train: 168, 1600 / 1875] FPS: 72.9 (217.4), DataTime: 0.307 (0.061), ForwardTime: 0.071, TotalTime: 0.439, Loss/total: 0.32525, Loss/giou: 0.08064, Loss/l1: 0.00436, Loss/location: 0.14217, IoU: 0.92
[train: 168, 1650 / 1875] FPS: 72.9 (139.5), DataTime: 0.307 (0.061), ForwardTime: 0.071, TotalTime: 0.439, Loss/total: 0.32509, Loss/giou: 0.08058, Loss/l1: 0.00435, Loss/location: 0.14217, IoU: 0.92
[train: 168, 1700 / 1875] FPS: 72.6 (13.6), DataTime: 0.309 (0.061), ForwardTime: 0.071, TotalTime: 0.441, Loss/total: 0.32523, Loss/giou: 0.08064, Loss/l1: 0.00436, Loss/location: 0.14214, IoU: 0.92
[train: 168, 1750 / 1875] FPS: 72.8 (218.2), DataTime: 0.308 (0.061), ForwardTime: 0.071, TotalTime: 0.440, Loss/total: 0.32513, Loss/giou: 0.08059, Loss/l1: 0.00437, Loss/location: 0.14212, IoU: 0.92
[train: 168, 1800 / 1875] FPS: 72.8 (219.2), DataTime: 0.308 (0.061), ForwardTime: 0.071, TotalTime: 0.439, Loss/total: 0.32520, Loss/giou: 0.08059, Loss/l1: 0.00436, Loss/location: 0.14220, IoU: 0.92
[train: 168, 1850 / 1875] FPS: 72.9 (218.9), DataTime: 0.307 (0.060), ForwardTime: 0.071, TotalTime: 0.439, Loss/total: 0.32530, Loss/giou: 0.08065, Loss/l1: 0.00437, Loss/location: 0.14215, IoU: 0.92
[train: 168, 1875 / 1875] FPS: 73.3 (221.2), DataTime: 0.305 (0.060), ForwardTime: 0.071, TotalTime: 0.436, Loss/total: 0.32531, Loss/giou: 0.08064, Loss/l1: 0.00436, Loss/location: 0.14221, IoU: 0.92
Epoch Time: 0:13:38.178907
Avg Data Time: 0.30495
Avg GPU Trans Time: 0.06040
Avg Forward Time: 0.07101
[val: 168, 50 / 312] FPS: 71.4 (498.3), DataTime: 0.382 (0.007), ForwardTime: 0.059, TotalTime: 0.448, Loss/total: 0.48379, Loss/giou: 0.12606, Loss/l1: 0.00660, Loss/location: 0.19865, IoU: 0.87
[val: 168, 100 / 312] FPS: 83.4 (484.4), DataTime: 0.317 (0.007), ForwardTime: 0.059, TotalTime: 0.384, Loss/total: 0.47652, Loss/giou: 0.12360, Loss/l1: 0.00639, Loss/location: 0.19738, IoU: 0.87
[val: 168, 150 / 312] FPS: 88.7 (470.9), DataTime: 0.294 (0.007), ForwardTime: 0.059, TotalTime: 0.361, Loss/total: 0.46969, Loss/giou: 0.12402, Loss/l1: 0.00641, Loss/location: 0.18960, IoU: 0.87
[val: 168, 200 / 312] FPS: 91.6 (497.0), DataTime: 0.283 (0.007), ForwardTime: 0.059, TotalTime: 0.349, Loss/total: 0.47314, Loss/giou: 0.12373, Loss/l1: 0.00645, Loss/location: 0.19344, IoU: 0.87
[val: 168, 250 / 312] FPS: 93.2 (485.1), DataTime: 0.277 (0.007), ForwardTime: 0.059, TotalTime: 0.343, Loss/total: 0.46867, Loss/giou: 0.12351, Loss/l1: 0.00646, Loss/location: 0.18934, IoU: 0.87
[val: 168, 300 / 312] FPS: 95.0 (478.4), DataTime: 0.271 (0.007), ForwardTime: 0.059, TotalTime: 0.337, Loss/total: 0.47055, Loss/giou: 0.12344, Loss/l1: 0.00644, Loss/location: 0.19147, IoU: 0.87
[val: 168, 312 / 312] FPS: 96.7 (476.7), DataTime: 0.265 (0.007), ForwardTime: 0.059, TotalTime: 0.331, Loss/total: 0.47142, Loss/giou: 0.12352, Loss/l1: 0.00645, Loss/location: 0.19211, IoU: 0.87
Epoch Time: 0:01:43.213838
Avg Data Time: 0.26451
Avg GPU Trans Time: 0.00709
Avg Forward Time: 0.05922
/home/helm/tracker/ProContEXT-main/output/checkpoints/train/procontext/cmc3
[train: 169, 50 / 1875] FPS: 53.3 (220.3), DataTime: 0.469 (0.061), ForwardTime: 0.071, TotalTime: 0.601, Loss/total: 0.32354, Loss/giou: 0.08046, Loss/l1: 0.00434, Loss/location: 0.14091, IoU: 0.92
[train: 169, 100 / 1875] FPS: 61.6 (219.4), DataTime: 0.384 (0.064), ForwardTime: 0.071, TotalTime: 0.519, Loss/total: 0.31832, Loss/giou: 0.07914, Loss/l1: 0.00422, Loss/location: 0.13893, IoU: 0.92
[train: 169, 150 / 1875] FPS: 65.5 (219.2), DataTime: 0.353 (0.065), ForwardTime: 0.071, TotalTime: 0.489, Loss/total: 0.32173, Loss/giou: 0.08008, Loss/l1: 0.00431, Loss/location: 0.14004, IoU: 0.92
[train: 169, 200 / 1875] FPS: 67.8 (217.7), DataTime: 0.336 (0.065), ForwardTime: 0.071, TotalTime: 0.472, Loss/total: 0.32250, Loss/giou: 0.08006, Loss/l1: 0.00431, Loss/location: 0.14083, IoU: 0.92
[train: 169, 250 / 1875] FPS: 68.9 (219.8), DataTime: 0.328 (0.065), ForwardTime: 0.071, TotalTime: 0.464, Loss/total: 0.32297, Loss/giou: 0.08009, Loss/l1: 0.00432, Loss/location: 0.14117, IoU: 0.92
[train: 169, 300 / 1875] FPS: 70.0 (220.9), DataTime: 0.320 (0.065), ForwardTime: 0.071, TotalTime: 0.457, Loss/total: 0.32245, Loss/giou: 0.08034, Loss/l1: 0.00433, Loss/location: 0.14009, IoU: 0.92
[train: 169, 350 / 1875] FPS: 70.7 (217.8), DataTime: 0.316 (0.065), ForwardTime: 0.071, TotalTime: 0.452, Loss/total: 0.32111, Loss/giou: 0.08021, Loss/l1: 0.00431, Loss/location: 0.13915, IoU: 0.92
[train: 169, 400 / 1875] FPS: 71.3 (218.8), DataTime: 0.312 (0.066), ForwardTime: 0.071, TotalTime: 0.449, Loss/total: 0.32087, Loss/giou: 0.08012, Loss/l1: 0.00430, Loss/location: 0.13916, IoU: 0.92
[train: 169, 450 / 1875] FPS: 70.2 (82.6), DataTime: 0.319 (0.065), ForwardTime: 0.071, TotalTime: 0.456, Loss/total: 0.32312, Loss/giou: 0.08039, Loss/l1: 0.00434, Loss/location: 0.14062, IoU: 0.92
[train: 169, 500 / 1875] FPS: 70.7 (218.7), DataTime: 0.317 (0.065), ForwardTime: 0.071, TotalTime: 0.453, Loss/total: 0.32295, Loss/giou: 0.08053, Loss/l1: 0.00435, Loss/location: 0.14015, IoU: 0.92
[train: 169, 550 / 1875] FPS: 71.0 (220.4), DataTime: 0.315 (0.064), ForwardTime: 0.071, TotalTime: 0.450, Loss/total: 0.32255, Loss/giou: 0.08070, Loss/l1: 0.00437, Loss/location: 0.13931, IoU: 0.92
[train: 169, 600 / 1875] FPS: 71.3 (220.0), DataTime: 0.313 (0.064), ForwardTime: 0.071, TotalTime: 0.449, Loss/total: 0.32205, Loss/giou: 0.08068, Loss/l1: 0.00436, Loss/location: 0.13890, IoU: 0.92
[train: 169, 650 / 1875] FPS: 71.7 (220.5), DataTime: 0.311 (0.064), ForwardTime: 0.071, TotalTime: 0.446, Loss/total: 0.32231, Loss/giou: 0.08077, Loss/l1: 0.00436, Loss/location: 0.13895, IoU: 0.92
[train: 169, 700 / 1875] FPS: 72.0 (218.4), DataTime: 0.309 (0.064), ForwardTime: 0.071, TotalTime: 0.444, Loss/total: 0.32214, Loss/giou: 0.08069, Loss/l1: 0.00435, Loss/location: 0.13901, IoU: 0.92
[train: 169, 750 / 1875] FPS: 72.2 (219.5), DataTime: 0.308 (0.064), ForwardTime: 0.071, TotalTime: 0.443, Loss/total: 0.32194, Loss/giou: 0.08061, Loss/l1: 0.00434, Loss/location: 0.13901, IoU: 0.92
[train: 169, 800 / 1875] FPS: 72.4 (218.7), DataTime: 0.307 (0.064), ForwardTime: 0.071, TotalTime: 0.442, Loss/total: 0.32199, Loss/giou: 0.08054, Loss/l1: 0.00434, Loss/location: 0.13921, IoU: 0.92
[train: 169, 850 / 1875] FPS: 71.7 (30.0), DataTime: 0.312 (0.063), ForwardTime: 0.071, TotalTime: 0.446, Loss/total: 0.32278, Loss/giou: 0.08066, Loss/l1: 0.00435, Loss/location: 0.13968, IoU: 0.92
[train: 169, 900 / 1875] FPS: 72.0 (217.9), DataTime: 0.311 (0.063), ForwardTime: 0.071, TotalTime: 0.445, Loss/total: 0.32309, Loss/giou: 0.08062, Loss/l1: 0.00436, Loss/location: 0.14005, IoU: 0.92
[train: 169, 950 / 1875] FPS: 72.2 (219.0), DataTime: 0.309 (0.063), ForwardTime: 0.071, TotalTime: 0.443, Loss/total: 0.32242, Loss/giou: 0.08057, Loss/l1: 0.00437, Loss/location: 0.13943, IoU: 0.92
[train: 169, 1000 / 1875] FPS: 72.4 (220.3), DataTime: 0.308 (0.063), ForwardTime: 0.071, TotalTime: 0.442, Loss/total: 0.32193, Loss/giou: 0.08043, Loss/l1: 0.00436, Loss/location: 0.13928, IoU: 0.92
[train: 169, 1050 / 1875] FPS: 72.5 (220.9), DataTime: 0.308 (0.063), ForwardTime: 0.071, TotalTime: 0.441, Loss/total: 0.32311, Loss/giou: 0.08070, Loss/l1: 0.00437, Loss/location: 0.13984, IoU: 0.92
[train: 169, 1100 / 1875] FPS: 72.6 (218.6), DataTime: 0.307 (0.063), ForwardTime: 0.071, TotalTime: 0.441, Loss/total: 0.32322, Loss/giou: 0.08071, Loss/l1: 0.00438, Loss/location: 0.13990, IoU: 0.92
[train: 169, 1150 / 1875] FPS: 72.7 (202.8), DataTime: 0.307 (0.063), ForwardTime: 0.071, TotalTime: 0.440, Loss/total: 0.32358, Loss/giou: 0.08082, Loss/l1: 0.00438, Loss/location: 0.14001, IoU: 0.92
[train: 169, 1200 / 1875] FPS: 72.8 (219.3), DataTime: 0.306 (0.063), ForwardTime: 0.071, TotalTime: 0.440, Loss/total: 0.32329, Loss/giou: 0.08080, Loss/l1: 0.00439, Loss/location: 0.13975, IoU: 0.92
[train: 169, 1250 / 1875] FPS: 72.3 (220.1), DataTime: 0.308 (0.063), ForwardTime: 0.071, TotalTime: 0.442, Loss/total: 0.32350, Loss/giou: 0.08076, Loss/l1: 0.00439, Loss/location: 0.14006, IoU: 0.92
[train: 169, 1300 / 1875] FPS: 72.5 (218.8), DataTime: 0.307 (0.063), ForwardTime: 0.071, TotalTime: 0.442, Loss/total: 0.32347, Loss/giou: 0.08073, Loss/l1: 0.00438, Loss/location: 0.14012, IoU: 0.92
[train: 169, 1350 / 1875] FPS: 72.6 (217.3), DataTime: 0.307 (0.063), ForwardTime: 0.071, TotalTime: 0.441, Loss/total: 0.32390, Loss/giou: 0.08073, Loss/l1: 0.00438, Loss/location: 0.14056, IoU: 0.92
[train: 169, 1400 / 1875] FPS: 72.7 (219.5), DataTime: 0.306 (0.063), ForwardTime: 0.071, TotalTime: 0.440, Loss/total: 0.32374, Loss/giou: 0.08071, Loss/l1: 0.00437, Loss/location: 0.14044, IoU: 0.92
[train: 169, 1450 / 1875] FPS: 72.8 (220.7), DataTime: 0.305 (0.063), ForwardTime: 0.071, TotalTime: 0.440, Loss/total: 0.32392, Loss/giou: 0.08075, Loss/l1: 0.00438, Loss/location: 0.14051, IoU: 0.92
[train: 169, 1500 / 1875] FPS: 72.9 (218.9), DataTime: 0.304 (0.063), ForwardTime: 0.071, TotalTime: 0.439, Loss/total: 0.32394, Loss/giou: 0.08073, Loss/l1: 0.00438, Loss/location: 0.14057, IoU: 0.92
[train: 169, 1550 / 1875] FPS: 73.0 (217.9), DataTime: 0.304 (0.063), ForwardTime: 0.071, TotalTime: 0.438, Loss/total: 0.32354, Loss/giou: 0.08063, Loss/l1: 0.00437, Loss/location: 0.14041, IoU: 0.92
[train: 169, 1600 / 1875] FPS: 72.9 (218.4), DataTime: 0.304 (0.063), ForwardTime: 0.071, TotalTime: 0.439, Loss/total: 0.32326, Loss/giou: 0.08058, Loss/l1: 0.00436, Loss/location: 0.14029, IoU: 0.92
[train: 169, 1650 / 1875] FPS: 72.7 (225.5), DataTime: 0.306 (0.063), ForwardTime: 0.071, TotalTime: 0.440, Loss/total: 0.32308, Loss/giou: 0.08055, Loss/l1: 0.00435, Loss/location: 0.14021, IoU: 0.92
[train: 169, 1700 / 1875] FPS: 72.8 (219.6), DataTime: 0.305 (0.063), ForwardTime: 0.071, TotalTime: 0.440, Loss/total: 0.32306, Loss/giou: 0.08052, Loss/l1: 0.00435, Loss/location: 0.14025, IoU: 0.92
[train: 169, 1750 / 1875] FPS: 72.8 (219.6), DataTime: 0.305 (0.063), ForwardTime: 0.071, TotalTime: 0.439, Loss/total: 0.32299, Loss/giou: 0.08053, Loss/l1: 0.00435, Loss/location: 0.14018, IoU: 0.92
[train: 169, 1800 / 1875] FPS: 72.8 (219.6), DataTime: 0.305 (0.063), ForwardTime: 0.071, TotalTime: 0.440, Loss/total: 0.32260, Loss/giou: 0.08050, Loss/l1: 0.00434, Loss/location: 0.13988, IoU: 0.92
[train: 169, 1850 / 1875] FPS: 72.9 (218.7), DataTime: 0.305 (0.063), ForwardTime: 0.071, TotalTime: 0.439, Loss/total: 0.32187, Loss/giou: 0.08041, Loss/l1: 0.00434, Loss/location: 0.13936, IoU: 0.92
[train: 169, 1875 / 1875] FPS: 73.3 (221.0), DataTime: 0.302 (0.063), ForwardTime: 0.071, TotalTime: 0.437, Loss/total: 0.32194, Loss/giou: 0.08043, Loss/l1: 0.00434, Loss/location: 0.13937, IoU: 0.92
Epoch Time: 0:13:38.812870
Avg Data Time: 0.30229
Avg GPU Trans Time: 0.06325
Avg Forward Time: 0.07117
[val: 169, 50 / 312] FPS: 70.6 (499.0), DataTime: 0.387 (0.007), ForwardTime: 0.059, TotalTime: 0.453, Loss/total: 0.46869, Loss/giou: 0.12059, Loss/l1: 0.00639, Loss/location: 0.19557, IoU: 0.88
[val: 169, 100 / 312] FPS: 83.3 (479.7), DataTime: 0.318 (0.007), ForwardTime: 0.059, TotalTime: 0.384, Loss/total: 0.46572, Loss/giou: 0.12119, Loss/l1: 0.00632, Loss/location: 0.19175, IoU: 0.88
[val: 169, 150 / 312] FPS: 88.2 (491.3), DataTime: 0.297 (0.007), ForwardTime: 0.059, TotalTime: 0.363, Loss/total: 0.46748, Loss/giou: 0.12222, Loss/l1: 0.00637, Loss/location: 0.19121, IoU: 0.87
[val: 169, 200 / 312] FPS: 91.1 (482.1), DataTime: 0.285 (0.007), ForwardTime: 0.059, TotalTime: 0.351, Loss/total: 0.46616, Loss/giou: 0.12309, Loss/l1: 0.00637, Loss/location: 0.18815, IoU: 0.87
[val: 169, 250 / 312] FPS: 92.8 (474.9), DataTime: 0.279 (0.007), ForwardTime: 0.059, TotalTime: 0.345, Loss/total: 0.46852, Loss/giou: 0.12278, Loss/l1: 0.00636, Loss/location: 0.19116, IoU: 0.87
[val: 169, 300 / 312] FPS: 94.5 (488.0), DataTime: 0.272 (0.007), ForwardTime: 0.059, TotalTime: 0.339, Loss/total: 0.46762, Loss/giou: 0.12274, Loss/l1: 0.00633, Loss/location: 0.19052, IoU: 0.87
[val: 169, 312 / 312] FPS: 96.3 (486.6), DataTime: 0.266 (0.007), ForwardTime: 0.059, TotalTime: 0.332, Loss/total: 0.46806, Loss/giou: 0.12268, Loss/l1: 0.00634, Loss/location: 0.19102, IoU: 0.87
Epoch Time: 0:01:43.632947
Avg Data Time: 0.26583
Avg GPU Trans Time: 0.00712
Avg Forward Time: 0.05921
/home/helm/tracker/ProContEXT-main/output/checkpoints/train/procontext/cmc3
[train: 170, 50 / 1875] FPS: 53.3 (68.3), DataTime: 0.467 (0.062), ForwardTime: 0.071, TotalTime: 0.600, Loss/total: 0.31782, Loss/giou: 0.07970, Loss/l1: 0.00429, Loss/location: 0.13697, IoU: 0.92
[train: 170, 100 / 1875] FPS: 62.4 (220.6), DataTime: 0.377 (0.064), ForwardTime: 0.071, TotalTime: 0.513, Loss/total: 0.31935, Loss/giou: 0.08020, Loss/l1: 0.00431, Loss/location: 0.13739, IoU: 0.92
[train: 170, 150 / 1875] FPS: 65.7 (220.2), DataTime: 0.351 (0.065), ForwardTime: 0.071, TotalTime: 0.487, Loss/total: 0.31959, Loss/giou: 0.08006, Loss/l1: 0.00433, Loss/location: 0.13784, IoU: 0.92
[train: 170, 200 / 1875] FPS: 67.6 (217.6), DataTime: 0.337 (0.065), ForwardTime: 0.071, TotalTime: 0.474, Loss/total: 0.32291, Loss/giou: 0.08024, Loss/l1: 0.00434, Loss/location: 0.14072, IoU: 0.92
[train: 170, 250 / 1875] FPS: 68.6 (221.2), DataTime: 0.330 (0.065), ForwardTime: 0.071, TotalTime: 0.466, Loss/total: 0.32136, Loss/giou: 0.07965, Loss/l1: 0.00429, Loss/location: 0.14059, IoU: 0.92
[train: 170, 300 / 1875] FPS: 69.5 (218.1), DataTime: 0.324 (0.065), ForwardTime: 0.071, TotalTime: 0.460, Loss/total: 0.31846, Loss/giou: 0.07940, Loss/l1: 0.00428, Loss/location: 0.13827, IoU: 0.92
[train: 170, 350 / 1875] FPS: 70.3 (218.9), DataTime: 0.319 (0.065), ForwardTime: 0.071, TotalTime: 0.455, Loss/total: 0.31933, Loss/giou: 0.07940, Loss/l1: 0.00428, Loss/location: 0.13911, IoU: 0.92
[train: 170, 400 / 1875] FPS: 70.9 (220.8), DataTime: 0.315 (0.065), ForwardTime: 0.071, TotalTime: 0.451, Loss/total: 0.32071, Loss/giou: 0.07941, Loss/l1: 0.00428, Loss/location: 0.14048, IoU: 0.92
[train: 170, 450 / 1875] FPS: 70.1 (218.0), DataTime: 0.320 (0.065), ForwardTime: 0.071, TotalTime: 0.456, Loss/total: 0.32073, Loss/giou: 0.07933, Loss/l1: 0.00427, Loss/location: 0.14074, IoU: 0.92
[train: 170, 500 / 1875] FPS: 70.6 (219.2), DataTime: 0.317 (0.065), ForwardTime: 0.071, TotalTime: 0.453, Loss/total: 0.32047, Loss/giou: 0.07942, Loss/l1: 0.00427, Loss/location: 0.14027, IoU: 0.92
[train: 170, 550 / 1875] FPS: 70.9 (218.9), DataTime: 0.315 (0.065), ForwardTime: 0.071, TotalTime: 0.451, Loss/total: 0.32102, Loss/giou: 0.07932, Loss/l1: 0.00426, Loss/location: 0.14110, IoU: 0.92
[train: 170, 600 / 1875] FPS: 71.2 (220.3), DataTime: 0.313 (0.065), ForwardTime: 0.071, TotalTime: 0.450, Loss/total: 0.32196, Loss/giou: 0.07928, Loss/l1: 0.00425, Loss/location: 0.14214, IoU: 0.92
[train: 170, 650 / 1875] FPS: 71.6 (221.7), DataTime: 0.311 (0.065), ForwardTime: 0.071, TotalTime: 0.447, Loss/total: 0.32129, Loss/giou: 0.07924, Loss/l1: 0.00424, Loss/location: 0.14159, IoU: 0.92
[train: 170, 700 / 1875] FPS: 71.8 (219.2), DataTime: 0.309 (0.066), ForwardTime: 0.071, TotalTime: 0.446, Loss/total: 0.32128, Loss/giou: 0.07919, Loss/l1: 0.00424, Loss/location: 0.14170, IoU: 0.92
[train: 170, 750 / 1875] FPS: 72.1 (219.7), DataTime: 0.307 (0.066), ForwardTime: 0.071, TotalTime: 0.444, Loss/total: 0.32105, Loss/giou: 0.07910, Loss/l1: 0.00423, Loss/location: 0.14167, IoU: 0.92
[train: 170, 800 / 1875] FPS: 72.3 (218.5), DataTime: 0.306 (0.066), ForwardTime: 0.071, TotalTime: 0.443, Loss/total: 0.32165, Loss/giou: 0.07918, Loss/l1: 0.00424, Loss/location: 0.14208, IoU: 0.92
[train: 170, 850 / 1875] FPS: 71.7 (220.0), DataTime: 0.310 (0.066), ForwardTime: 0.071, TotalTime: 0.446, Loss/total: 0.32151, Loss/giou: 0.07923, Loss/l1: 0.00425, Loss/location: 0.14181, IoU: 0.92
[train: 170, 900 / 1875] FPS: 71.8 (219.7), DataTime: 0.309 (0.065), ForwardTime: 0.071, TotalTime: 0.445, Loss/total: 0.32150, Loss/giou: 0.07932, Loss/l1: 0.00427, Loss/location: 0.14150, IoU: 0.92
[train: 170, 950 / 1875] FPS: 72.0 (220.4), DataTime: 0.308 (0.065), ForwardTime: 0.071, TotalTime: 0.445, Loss/total: 0.32164, Loss/giou: 0.07933, Loss/l1: 0.00427, Loss/location: 0.14165, IoU: 0.92
[train: 170, 1000 / 1875] FPS: 72.1 (218.7), DataTime: 0.308 (0.065), ForwardTime: 0.071, TotalTime: 0.444, Loss/total: 0.32175, Loss/giou: 0.07939, Loss/l1: 0.00426, Loss/location: 0.14167, IoU: 0.92
[train: 170, 1050 / 1875] FPS: 72.2 (217.2), DataTime: 0.307 (0.065), ForwardTime: 0.071, TotalTime: 0.443, Loss/total: 0.32193, Loss/giou: 0.07935, Loss/l1: 0.00426, Loss/location: 0.14193, IoU: 0.92
[train: 170, 1100 / 1875] FPS: 72.4 (219.0), DataTime: 0.306 (0.065), ForwardTime: 0.071, TotalTime: 0.442, Loss/total: 0.32183, Loss/giou: 0.07935, Loss/l1: 0.00426, Loss/location: 0.14181, IoU: 0.92
[train: 170, 1150 / 1875] FPS: 72.5 (219.4), DataTime: 0.305 (0.065), ForwardTime: 0.071, TotalTime: 0.441, Loss/total: 0.32217, Loss/giou: 0.07941, Loss/l1: 0.00428, Loss/location: 0.14198, IoU: 0.92
[train: 170, 1200 / 1875] FPS: 72.6 (219.2), DataTime: 0.305 (0.065), ForwardTime: 0.071, TotalTime: 0.441, Loss/total: 0.32240, Loss/giou: 0.07949, Loss/l1: 0.00428, Loss/location: 0.14205, IoU: 0.92
[train: 170, 1250 / 1875] FPS: 72.3 (27.5), DataTime: 0.307 (0.065), ForwardTime: 0.071, TotalTime: 0.443, Loss/total: 0.32263, Loss/giou: 0.07950, Loss/l1: 0.00428, Loss/location: 0.14225, IoU: 0.92
[train: 170, 1300 / 1875] FPS: 72.3 (220.3), DataTime: 0.307 (0.064), ForwardTime: 0.071, TotalTime: 0.443, Loss/total: 0.32287, Loss/giou: 0.07963, Loss/l1: 0.00428, Loss/location: 0.14221, IoU: 0.92
[train: 170, 1350 / 1875] FPS: 72.3 (72.4), DataTime: 0.307 (0.064), ForwardTime: 0.071, TotalTime: 0.442, Loss/total: 0.32242, Loss/giou: 0.07951, Loss/l1: 0.00427, Loss/location: 0.14203, IoU: 0.92
[train: 170, 1400 / 1875] FPS: 72.4 (219.9), DataTime: 0.307 (0.064), ForwardTime: 0.071, TotalTime: 0.442, Loss/total: 0.32223, Loss/giou: 0.07952, Loss/l1: 0.00427, Loss/location: 0.14185, IoU: 0.92
[train: 170, 1450 / 1875] FPS: 72.4 (218.0), DataTime: 0.307 (0.064), ForwardTime: 0.071, TotalTime: 0.442, Loss/total: 0.32289, Loss/giou: 0.07964, Loss/l1: 0.00428, Loss/location: 0.14219, IoU: 0.92
[train: 170, 1500 / 1875] FPS: 72.6 (217.2), DataTime: 0.306 (0.064), ForwardTime: 0.071, TotalTime: 0.441, Loss/total: 0.32255, Loss/giou: 0.07966, Loss/l1: 0.00428, Loss/location: 0.14183, IoU: 0.92
[train: 170, 1550 / 1875] FPS: 72.7 (218.9), DataTime: 0.305 (0.064), ForwardTime: 0.071, TotalTime: 0.440, Loss/total: 0.32242, Loss/giou: 0.07969, Loss/l1: 0.00428, Loss/location: 0.14163, IoU: 0.92
[train: 170, 1600 / 1875] FPS: 72.8 (218.5), DataTime: 0.305 (0.064), ForwardTime: 0.071, TotalTime: 0.440, Loss/total: 0.32242, Loss/giou: 0.07969, Loss/l1: 0.00428, Loss/location: 0.14162, IoU: 0.92
[train: 170, 1650 / 1875] FPS: 72.6 (59.0), DataTime: 0.306 (0.064), ForwardTime: 0.071, TotalTime: 0.441, Loss/total: 0.32265, Loss/giou: 0.07967, Loss/l1: 0.00428, Loss/location: 0.14190, IoU: 0.92
[train: 170, 1700 / 1875] FPS: 72.5 (219.0), DataTime: 0.307 (0.064), ForwardTime: 0.071, TotalTime: 0.441, Loss/total: 0.32198, Loss/giou: 0.07963, Loss/l1: 0.00428, Loss/location: 0.14133, IoU: 0.92
[train: 170, 1750 / 1875] FPS: 72.6 (220.4), DataTime: 0.306 (0.063), ForwardTime: 0.071, TotalTime: 0.441, Loss/total: 0.32236, Loss/giou: 0.07968, Loss/l1: 0.00429, Loss/location: 0.14158, IoU: 0.92
[train: 170, 1800 / 1875] FPS: 72.6 (218.4), DataTime: 0.306 (0.063), ForwardTime: 0.071, TotalTime: 0.441, Loss/total: 0.32217, Loss/giou: 0.07968, Loss/l1: 0.00428, Loss/location: 0.14142, IoU: 0.92
[train: 170, 1850 / 1875] FPS: 72.7 (218.9), DataTime: 0.305 (0.063), ForwardTime: 0.071, TotalTime: 0.440, Loss/total: 0.32215, Loss/giou: 0.07969, Loss/l1: 0.00428, Loss/location: 0.14135, IoU: 0.92
[train: 170, 1875 / 1875] FPS: 73.2 (220.5), DataTime: 0.303 (0.063), ForwardTime: 0.071, TotalTime: 0.437, Loss/total: 0.32209, Loss/giou: 0.07969, Loss/l1: 0.00428, Loss/location: 0.14129, IoU: 0.92
Epoch Time: 0:13:39.586689
Avg Data Time: 0.30251
Avg GPU Trans Time: 0.06344
Avg Forward Time: 0.07116
[val: 170, 50 / 312] FPS: 70.2 (501.1), DataTime: 0.389 (0.007), ForwardTime: 0.059, TotalTime: 0.456, Loss/total: 0.44294, Loss/giou: 0.11511, Loss/l1: 0.00580, Loss/location: 0.18370, IoU: 0.88
[val: 170, 100 / 312] FPS: 82.2 (497.3), DataTime: 0.323 (0.007), ForwardTime: 0.059, TotalTime: 0.389, Loss/total: 0.44908, Loss/giou: 0.11577, Loss/l1: 0.00592, Loss/location: 0.18796, IoU: 0.88
[val: 170, 150 / 312] FPS: 87.5 (476.8), DataTime: 0.299 (0.007), ForwardTime: 0.059, TotalTime: 0.366, Loss/total: 0.44313, Loss/giou: 0.11764, Loss/l1: 0.00599, Loss/location: 0.17790, IoU: 0.88
[val: 170, 200 / 312] FPS: 90.5 (479.8), DataTime: 0.287 (0.007), ForwardTime: 0.059, TotalTime: 0.354, Loss/total: 0.44259, Loss/giou: 0.11737, Loss/l1: 0.00600, Loss/location: 0.17787, IoU: 0.88
[val: 170, 250 / 312] FPS: 92.3 (465.7), DataTime: 0.280 (0.007), ForwardTime: 0.059, TotalTime: 0.347, Loss/total: 0.44717, Loss/giou: 0.11831, Loss/l1: 0.00605, Loss/location: 0.18028, IoU: 0.88
[val: 170, 300 / 312] FPS: 94.2 (485.5), DataTime: 0.273 (0.007), ForwardTime: 0.059, TotalTime: 0.340, Loss/total: 0.45183, Loss/giou: 0.11864, Loss/l1: 0.00608, Loss/location: 0.18412, IoU: 0.88
[val: 170, 312 / 312] FPS: 96.2 (485.5), DataTime: 0.266 (0.007), ForwardTime: 0.059, TotalTime: 0.333, Loss/total: 0.45231, Loss/giou: 0.11851, Loss/l1: 0.00608, Loss/location: 0.18487, IoU: 0.88
Epoch Time: 0:01:43.817779
Avg Data Time: 0.26641
Avg GPU Trans Time: 0.00709
Avg Forward Time: 0.05925
/home/helm/tracker/ProContEXT-main/output/checkpoints/train/procontext/cmc3
Finished training!
